#
# There is insufficient memory for the Java Runtime Environment to continue.
# Native memory allocation (malloc) failed to allocate 1364896 bytes for Chunk::new
# Possible reasons:
#   The system is out of physical RAM or swap space
#   In 32 bit mode, the process size limit was hit
# Possible solutions:
#   Reduce memory load on the system
#   Increase physical memory or swap space
#   Check if swap backing store is full
#   Use 64 bit Java on a 64 bit OS
#   Decrease Java heap size (-Xmx/-Xms)
#   Decrease number of Java threads
#   Decrease Java thread stack sizes (-Xss)
#   Set larger code cache with -XX:ReservedCodeCacheSize=
# This output file may be truncated or incomplete.
#
#  Out of Memory Error (allocation.cpp:390), pid=12712, tid=0x0000000000001bdc
#
# JRE version: Java(TM) SE Runtime Environment (8.0_131-b11) (build 1.8.0_131-b11)
# Java VM: Java HotSpot(TM) 64-Bit Server VM (25.131-b11 mixed mode windows-amd64 compressed oops)
# Failed to write core dump. Minidumps are not enabled by default on client versions of Windows
#

---------------  T H R E A D  ---------------

Current thread (0x0000000015699000):  JavaThread "C2 CompilerThread0" daemon [_thread_in_native, id=7132, stack(0x0000000016ce0000,0x0000000016de0000)]

Stack: [0x0000000016ce0000,0x0000000016de0000]
[error occurred during error reporting (printing stack bounds), id 0xc0000005]

Native frames: (J=compiled Java code, j=interpreted, Vv=VM code, C=native code)


Current CompileTask:
C2:  17079 7912       4       org.eclipse.jdt.internal.compiler.lookup.BinaryTypeBinding::createMethod (1613 bytes)


---------------  P R O C E S S  ---------------

Java Threads: ( => current thread )
  0x000000001c7b5800 JavaThread "ForkJoinPool.commonPool-worker-3" daemon [_thread_blocked, id=4884, stack(0x000000001f330000,0x000000001f430000)]
  0x000000001c7b3800 JavaThread "ForkJoinPool.commonPool-worker-2" daemon [_thread_in_Java, id=9264, stack(0x000000001f230000,0x000000001f330000)]
  0x000000001c7b2800 JavaThread "ForkJoinPool.commonPool-worker-1" daemon [_thread_blocked, id=14100, stack(0x000000001f130000,0x000000001f230000)]
  0x000000001c7b5000 JavaThread "Worker-4" [_thread_blocked, id=13068, stack(0x000000001ea30000,0x000000001eb30000)]
  0x000000001c7b4000 JavaThread "Bundle File Closer" daemon [_thread_blocked, id=1992, stack(0x000000001e670000,0x000000001e770000)]
  0x0000000017247800 JavaThread "Worker-3" [_thread_blocked, id=8932, stack(0x000000001e570000,0x000000001e670000)]
  0x000000001791f000 JavaThread "Worker-2" [_thread_blocked, id=3212, stack(0x000000001e470000,0x000000001e570000)]
  0x000000001a9c6800 JavaThread "pool-1-thread-1" [_thread_in_native, id=7936, stack(0x000000001d230000,0x000000001d330000)]
  0x0000000018b51000 JavaThread "Java indexing" daemon [_thread_blocked, id=14080, stack(0x000000001a230000,0x000000001a330000)]
  0x00000000185f1800 JavaThread "Worker-1" [_thread_blocked, id=12068, stack(0x0000000019d30000,0x0000000019e30000)]
  0x0000000017a07800 JavaThread "Worker-0" [_thread_blocked, id=7980, stack(0x0000000019c30000,0x0000000019d30000)]
  0x0000000018a2d800 JavaThread "Worker-JM" [_thread_blocked, id=13044, stack(0x0000000019930000,0x0000000019a30000)]
  0x0000000017ebc800 JavaThread "Start Level: Equinox Container: a4c04897-f06d-40b3-9098-837179b2d2e8" daemon [_thread_blocked, id=2464, stack(0x0000000019430000,0x0000000019530000)]
  0x0000000017967800 JavaThread "Framework Event Dispatcher: Equinox Container: a4c04897-f06d-40b3-9098-837179b2d2e8" daemon [_thread_blocked, id=6440, stack(0x0000000019330000,0x0000000019430000)]
  0x0000000017b71000 JavaThread "Active Thread: Equinox Container: a4c04897-f06d-40b3-9098-837179b2d2e8" [_thread_blocked, id=9952, stack(0x0000000018260000,0x0000000018360000)]
  0x00000000156ee000 JavaThread "Service Thread" daemon [_thread_blocked, id=5320, stack(0x00000000173e0000,0x00000000174e0000)]
  0x00000000156e7800 JavaThread "C1 CompilerThread2" daemon [_thread_blocked, id=12752, stack(0x0000000016ee0000,0x0000000016fe0000)]
  0x000000001569d000 JavaThread "C2 CompilerThread1" daemon [_thread_in_native, id=5800, stack(0x0000000016de0000,0x0000000016ee0000)]
=>0x0000000015699000 JavaThread "C2 CompilerThread0" daemon [_thread_in_native, id=7132, stack(0x0000000016ce0000,0x0000000016de0000)]
  0x00000000156e3800 JavaThread "Attach Listener" daemon [_thread_blocked, id=4768, stack(0x0000000016be0000,0x0000000016ce0000)]
  0x0000000015689000 JavaThread "Signal Dispatcher" daemon [_thread_blocked, id=5316, stack(0x0000000016ae0000,0x0000000016be0000)]
  0x0000000002fbc800 JavaThread "Finalizer" daemon [_thread_blocked, id=8788, stack(0x00000000168e0000,0x00000000169e0000)]
  0x0000000002fb1800 JavaThread "Reference Handler" daemon [_thread_blocked, id=5716, stack(0x00000000167e0000,0x00000000168e0000)]
  0x0000000002ec2800 JavaThread "main" [_thread_blocked, id=12016, stack(0x0000000002dc0000,0x0000000002ec0000)]

Other Threads:
  0x0000000015658000 VMThread [stack: 0x00000000166e0000,0x00000000167e0000] [id=1744]
  0x0000000017097000 WatcherThread [stack: 0x00000000174e0000,0x00000000175e0000] [id=3892]

VM state:not at safepoint (normal execution)

VM Mutex/Monitor currently owned by a thread: None

Heap:
 PSYoungGen      total 30720K, used 9786K [0x00000000eab00000, 0x00000000ece00000, 0x0000000100000000)
  eden space 29696K, 30% used [0x00000000eab00000,0x00000000eb3d6878,0x00000000ec800000)
  from space 1024K, 71% used [0x00000000ecd00000,0x00000000ecdb8000,0x00000000ece00000)
  to   space 3072K, 0% used [0x00000000ec800000,0x00000000ec800000,0x00000000ecb00000)
 ParOldGen       total 86016K, used 59186K [0x00000000c0000000, 0x00000000c5400000, 0x00000000eab00000)
  object space 86016K, 68% used [0x00000000c0000000,0x00000000c39cc838,0x00000000c5400000)
 Metaspace       used 53489K, capacity 56732K, committed 56960K, reserved 1099776K
  class space    used 5510K, capacity 6403K, committed 6528K, reserved 1048576K

Card table byte_map: [0x0000000012380000,0x0000000012590000] byte_map_base: 0x0000000011d80000

Marking Bits: (ParMarkBitMap*) 0x000000006f1bc720
 Begin Bits: [0x0000000012af0000, 0x0000000013af0000)
 End Bits:   [0x0000000013af0000, 0x0000000014af0000)

Polling page: 0x0000000000bf0000

CodeCache: size=245760Kb used=24520Kb max_used=24520Kb free=221239Kb
 bounds [0x0000000002fc0000, 0x00000000047d0000, 0x0000000011fc0000]
 total_blobs=7531 nmethods=6941 adapters=499
 compilation: enabled

Compilation events (10 events):
Event: 17.067 Thread 0x00000000156e7800 8070       2       com.google.gson.internal.bind.TypeAdapters$16::write (7 bytes)
Event: 17.068 Thread 0x00000000156e7800 nmethod 8070 0x00000000047c7f90 code [0x00000000047c8120, 0x00000000047c8388]
Event: 17.068 Thread 0x00000000156e7800 8066       2       java.lang.Integer::toString (8 bytes)
Event: 17.068 Thread 0x00000000156e7800 nmethod 8066 0x00000000047c8550 code [0x00000000047c86c0, 0x00000000047c8828]
Event: 17.068 Thread 0x00000000156e7800 8062       2       com.google.gson.stream.JsonWriter::value (94 bytes)
Event: 17.069 Thread 0x00000000156e7800 nmethod 8062 0x00000000047c88d0 code [0x00000000047c8b00, 0x00000000047c90d8]
Event: 17.069 Thread 0x00000000156e7800 8071       2       com.google.gson.internal.bind.TypeAdapters$7::write (10 bytes)
Event: 17.069 Thread 0x00000000156e7800 nmethod 8071 0x00000000047c9510 code [0x00000000047c9680, 0x00000000047c9828]
Event: 17.069 Thread 0x00000000156e7800 8072       2       com.google.gson.internal.bind.TypeAdapters$7::write (7 bytes)
Event: 17.069 Thread 0x00000000156e7800 nmethod 8072 0x00000000047c9950 code [0x00000000047c9ac0, 0x00000000047c9c48]

GC Heap History (10 events):
Event: 15.080 GC heap before
{Heap before GC invocations=33 (full 2):
 PSYoungGen      total 31744K, used 31730K [0x00000000eab00000, 0x00000000ed100000, 0x0000000100000000)
  eden space 28672K, 100% used [0x00000000eab00000,0x00000000ec700000,0x00000000ec700000)
  from space 3072K, 99% used [0x00000000ecb80000,0x00000000ece7cb08,0x00000000ece80000)
  to   space 4608K, 0% used [0x00000000ec700000,0x00000000ec700000,0x00000000ecb80000)
 ParOldGen       total 68608K, used 57091K [0x00000000c0000000, 0x00000000c4300000, 0x00000000eab00000)
  object space 68608K, 83% used [0x00000000c0000000,0x00000000c37c0ec8,0x00000000c4300000)
 Metaspace       used 49836K, capacity 52624K, committed 52864K, reserved 1095680K
  class space    used 5175K, capacity 5947K, committed 6016K, reserved 1048576K
Event: 15.089 GC heap after
Heap after GC invocations=33 (full 2):
 PSYoungGen      total 32768K, used 4583K [0x00000000eab00000, 0x00000000ed580000, 0x0000000100000000)
  eden space 28160K, 0% used [0x00000000eab00000,0x00000000eab00000,0x00000000ec680000)
  from space 4608K, 99% used [0x00000000ec700000,0x00000000ecb79e40,0x00000000ecb80000)
  to   space 7680K, 0% used [0x00000000ece00000,0x00000000ece00000,0x00000000ed580000)
 ParOldGen       total 68608K, used 59499K [0x00000000c0000000, 0x00000000c4300000, 0x00000000eab00000)
  object space 68608K, 86% used [0x00000000c0000000,0x00000000c3a1ad18,0x00000000c4300000)
 Metaspace       used 49836K, capacity 52624K, committed 52864K, reserved 1095680K
  class space    used 5175K, capacity 5947K, committed 6016K, reserved 1048576K
}
Event: 15.292 GC heap before
{Heap before GC invocations=34 (full 2):
 PSYoungGen      total 32768K, used 32743K [0x00000000eab00000, 0x00000000ed580000, 0x0000000100000000)
  eden space 28160K, 100% used [0x00000000eab00000,0x00000000ec680000,0x00000000ec680000)
  from space 4608K, 99% used [0x00000000ec700000,0x00000000ecb79e40,0x00000000ecb80000)
  to   space 7680K, 0% used [0x00000000ece00000,0x00000000ece00000,0x00000000ed580000)
 ParOldGen       total 68608K, used 59499K [0x00000000c0000000, 0x00000000c4300000, 0x00000000eab00000)
  object space 68608K, 86% used [0x00000000c0000000,0x00000000c3a1ad18,0x00000000c4300000)
 Metaspace       used 49902K, capacity 52624K, committed 52864K, reserved 1095680K
  class space    used 5177K, capacity 5947K, committed 6016K, reserved 1048576K
Event: 15.307 GC heap after
Heap after GC invocations=34 (full 2):
 PSYoungGen      total 32256K, used 4538K [0x00000000eab00000, 0x00000000ed280000, 0x0000000100000000)
  eden space 27648K, 0% used [0x00000000eab00000,0x00000000eab00000,0x00000000ec600000)
  from space 4608K, 98% used [0x00000000ece00000,0x00000000ed26e980,0x00000000ed280000)
  to   space 5632K, 0% used [0x00000000ec780000,0x00000000ec780000,0x00000000ecd00000)
 ParOldGen       total 68608K, used 64012K [0x00000000c0000000, 0x00000000c4300000, 0x00000000eab00000)
  object space 68608K, 93% used [0x00000000c0000000,0x00000000c3e83040,0x00000000c4300000)
 Metaspace       used 49902K, capacity 52624K, committed 52864K, reserved 1095680K
  class space    used 5177K, capacity 5947K, committed 6016K, reserved 1048576K
}
Event: 15.307 GC heap before
{Heap before GC invocations=35 (full 3):
 PSYoungGen      total 32256K, used 4538K [0x00000000eab00000, 0x00000000ed280000, 0x0000000100000000)
  eden space 27648K, 0% used [0x00000000eab00000,0x00000000eab00000,0x00000000ec600000)
  from space 4608K, 98% used [0x00000000ece00000,0x00000000ed26e980,0x00000000ed280000)
  to   space 5632K, 0% used [0x00000000ec780000,0x00000000ec780000,0x00000000ecd00000)
 ParOldGen       total 68608K, used 64012K [0x00000000c0000000, 0x00000000c4300000, 0x00000000eab00000)
  object space 68608K, 93% used [0x00000000c0000000,0x00000000c3e83040,0x00000000c4300000)
 Metaspace       used 49902K, capacity 52624K, committed 52864K, reserved 1095680K
  class space    used 5177K, capacity 5947K, committed 6016K, reserved 1048576K
Event: 15.794 GC heap after
Heap after GC invocations=35 (full 3):
 PSYoungGen      total 32256K, used 0K [0x00000000eab00000, 0x00000000ed280000, 0x0000000100000000)
  eden space 27648K, 0% used [0x00000000eab00000,0x00000000eab00000,0x00000000ec600000)
  from space 4608K, 0% used [0x00000000ece00000,0x00000000ece00000,0x00000000ed280000)
  to   space 5632K, 0% used [0x00000000ec780000,0x00000000ec780000,0x00000000ecd00000)
 ParOldGen       total 86016K, used 56459K [0x00000000c0000000, 0x00000000c5400000, 0x00000000eab00000)
  object space 86016K, 65% used [0x00000000c0000000,0x00000000c3722e20,0x00000000c5400000)
 Metaspace       used 49902K, capacity 52624K, committed 52864K, reserved 1095680K
  class space    used 5177K, capacity 5947K, committed 6016K, reserved 1048576K
}
Event: 16.481 GC heap before
{Heap before GC invocations=36 (full 3):
 PSYoungGen      total 32256K, used 27648K [0x00000000eab00000, 0x00000000ed280000, 0x0000000100000000)
  eden space 27648K, 100% used [0x00000000eab00000,0x00000000ec600000,0x00000000ec600000)
  from space 4608K, 0% used [0x00000000ece00000,0x00000000ece00000,0x00000000ed280000)
  to   space 5632K, 0% used [0x00000000ec780000,0x00000000ec780000,0x00000000ecd00000)
 ParOldGen       total 86016K, used 56459K [0x00000000c0000000, 0x00000000c5400000, 0x00000000eab00000)
  object space 86016K, 65% used [0x00000000c0000000,0x00000000c3722e20,0x00000000c5400000)
 Metaspace       used 52494K, capacity 55738K, committed 56064K, reserved 1099776K
  class space    used 5434K, capacity 6292K, committed 6400K, reserved 1048576K
Event: 16.497 GC heap after
Heap after GC invocations=36 (full 3):
 PSYoungGen      total 32768K, used 5627K [0x00000000eab00000, 0x00000000ed180000, 0x0000000100000000)
  eden space 27136K, 0% used [0x00000000eab00000,0x00000000eab00000,0x00000000ec580000)
  from space 5632K, 99% used [0x00000000ec780000,0x00000000eccfeda8,0x00000000ecd00000)
  to   space 4608K, 0% used [0x00000000ecd00000,0x00000000ecd00000,0x00000000ed180000)
 ParOldGen       total 86016K, used 56586K [0x00000000c0000000, 0x00000000c5400000, 0x00000000eab00000)
  object space 86016K, 65% used [0x00000000c0000000,0x00000000c37429c0,0x00000000c5400000)
 Metaspace       used 52494K, capacity 55738K, committed 56064K, reserved 1099776K
  class space    used 5434K, capacity 6292K, committed 6400K, reserved 1048576K
}
Event: 16.831 GC heap before
{Heap before GC invocations=37 (full 3):
 PSYoungGen      total 32768K, used 32763K [0x00000000eab00000, 0x00000000ed180000, 0x0000000100000000)
  eden space 27136K, 100% used [0x00000000eab00000,0x00000000ec580000,0x00000000ec580000)
  from space 5632K, 99% used [0x00000000ec780000,0x00000000eccfeda8,0x00000000ecd00000)
  to   space 4608K, 0% used [0x00000000ecd00000,0x00000000ecd00000,0x00000000ed180000)
 ParOldGen       total 86016K, used 56586K [0x00000000c0000000, 0x00000000c5400000, 0x00000000eab00000)
  object space 86016K, 65% used [0x00000000c0000000,0x00000000c37429c0,0x00000000c5400000)
 Metaspace       used 53174K, capacity 56264K, committed 56576K, reserved 1099776K
  class space    used 5487K, capacity 6357K, committed 6400K, reserved 1048576K
Event: 16.838 GC heap after
Heap after GC invocations=37 (full 3):
 PSYoungGen      total 30720K, used 736K [0x00000000eab00000, 0x00000000ece00000, 0x0000000100000000)
  eden space 29696K, 0% used [0x00000000eab00000,0x00000000eab00000,0x00000000ec800000)
  from space 1024K, 71% used [0x00000000ecd00000,0x00000000ecdb8000,0x00000000ece00000)
  to   space 3072K, 0% used [0x00000000ec800000,0x00000000ec800000,0x00000000ecb00000)
 ParOldGen       total 86016K, used 59186K [0x00000000c0000000, 0x00000000c5400000, 0x00000000eab00000)
  object space 86016K, 68% used [0x00000000c0000000,0x00000000c39cc838,0x00000000c5400000)
 Metaspace       used 53174K, capacity 56264K, committed 56576K, reserved 1099776K
  class space    used 5487K, capacity 6357K, committed 6400K, reserved 1048576K
}

Deoptimization events (10 events):
Event: 16.117 Thread 0x000000001c7b2800 Uncommon trap: reason=unstable_if action=reinterpret pc=0x000000000432a650 method=org.eclipse.jdt.core.Signature.appendClassTypeSignature([CIZLjava/lang/StringBuffer;)I @ 23
Event: 16.117 Thread 0x000000001c7b3800 Uncommon trap: reason=unstable_if action=reinterpret pc=0x000000000432a650 method=org.eclipse.jdt.core.Signature.appendClassTypeSignature([CIZLjava/lang/StringBuffer;)I @ 23
Event: 16.239 Thread 0x000000001c7b3800 Uncommon trap: reason=unstable_if action=reinterpret pc=0x00000000044ae2cc method=org.eclipse.jdt.internal.compiler.lookup.BinaryTypeBinding.createMethod(Lorg/eclipse/jdt/internal/compiler/env/IBinaryMethod;Lorg/eclipse/jdt/internal/compiler/env/IBinaryTy
Event: 16.678 Thread 0x000000001c7b3800 Uncommon trap: reason=predicate action=maybe_recompile pc=0x00000000046296bc method=org.eclipse.jdt.internal.compiler.parser.Scanner.scanIdentifierOrKeyword()I @ 33
Event: 16.728 Thread 0x000000001c7b3800 Uncommon trap: reason=predicate action=maybe_recompile pc=0x0000000004617258 method=org.eclipse.jdt.internal.compiler.parser.Scanner.scanIdentifierOrKeyword()I @ 33
Event: 16.754 Thread 0x000000001c7b3800 Uncommon trap: reason=unstable_if action=reinterpret pc=0x000000000467fd30 method=org.eclipse.jface.text.DefaultLineTracker.nextDelimiterInfo(Ljava/lang/String;I)Lorg/eclipse/jface/text/AbstractLineTracker$DelimiterInfo; @ 118
Event: 16.755 Thread 0x000000001c7b3800 Uncommon trap: reason=class_check action=maybe_recompile pc=0x000000000426ee90 method=java.util.regex.Pattern$Branch.match(Ljava/util/regex/Matcher;ILjava/lang/CharSequence;)Z @ 50
Event: 16.755 Thread 0x000000001c7b3800 Uncommon trap: reason=class_check action=maybe_recompile pc=0x000000000426ee90 method=java.util.regex.Pattern$Branch.match(Ljava/util/regex/Matcher;ILjava/lang/CharSequence;)Z @ 50
Event: 16.755 Thread 0x000000001c7b3800 Uncommon trap: reason=class_check action=maybe_recompile pc=0x000000000426ee90 method=java.util.regex.Pattern$Branch.match(Ljava/util/regex/Matcher;ILjava/lang/CharSequence;)Z @ 50
Event: 16.755 Thread 0x000000001c7b3800 Uncommon trap: reason=class_check action=maybe_recompile pc=0x000000000426ee90 method=java.util.regex.Pattern$Branch.match(Ljava/util/regex/Matcher;ILjava/lang/CharSequence;)Z @ 50

Internal exceptions (10 events):
Event: 16.902 Thread 0x000000001c7b2800 Exception <a 'java/lang/ArrayIndexOutOfBoundsException'> (0x00000000eae22d98) thrown at [C:\re\workspace\8-2-build-windows-amd64-cygwin\jdk8u131\8869\hotspot\src\share\vm\runtime\sharedRuntime.cpp, line 605]
Event: 16.924 Thread 0x000000001c7b2800 Exception <a 'java/lang/ArrayIndexOutOfBoundsException'> (0x00000000eaf4f5e8) thrown at [C:\re\workspace\8-2-build-windows-amd64-cygwin\jdk8u131\8869\hotspot\src\share\vm\runtime\sharedRuntime.cpp, line 605]
Event: 16.933 Thread 0x000000001c7b2800 Exception <a 'java/lang/ArrayIndexOutOfBoundsException'> (0x00000000eafbdad8) thrown at [C:\re\workspace\8-2-build-windows-amd64-cygwin\jdk8u131\8869\hotspot\src\share\vm\runtime\sharedRuntime.cpp, line 605]
Event: 16.937 Thread 0x000000001c7b2800 Exception <a 'java/lang/ArrayIndexOutOfBoundsException'> (0x00000000eafc7788) thrown at [C:\re\workspace\8-2-build-windows-amd64-cygwin\jdk8u131\8869\hotspot\src\share\vm\runtime\sharedRuntime.cpp, line 605]
Event: 16.953 Thread 0x000000001c7b3800 Exception <a 'java/lang/ArrayIndexOutOfBoundsException'> (0x00000000ead760f0) thrown at [C:\re\workspace\8-2-build-windows-amd64-cygwin\jdk8u131\8869\hotspot\src\share\vm\runtime\sharedRuntime.cpp, line 605]
Event: 16.968 Thread 0x000000001c7b3800 Exception <a 'java/lang/ArrayIndexOutOfBoundsException'> (0x00000000eb0fa2a8) thrown at [C:\re\workspace\8-2-build-windows-amd64-cygwin\jdk8u131\8869\hotspot\src\share\vm\runtime\sharedRuntime.cpp, line 605]
Event: 16.972 Thread 0x000000001c7b3800 Exception <a 'java/lang/ArrayIndexOutOfBoundsException'> (0x00000000eb168698) thrown at [C:\re\workspace\8-2-build-windows-amd64-cygwin\jdk8u131\8869\hotspot\src\share\vm\runtime\sharedRuntime.cpp, line 605]
Event: 16.973 Thread 0x000000001c7b3800 Exception <a 'java/lang/ArrayIndexOutOfBoundsException'> (0x00000000eb172368) thrown at [C:\re\workspace\8-2-build-windows-amd64-cygwin\jdk8u131\8869\hotspot\src\share\vm\runtime\sharedRuntime.cpp, line 605]
Event: 17.056 Thread 0x000000001c7b2800 Exception <a 'java/lang/NoSuchMethodError': java.lang.Object.lambda$and$0(Ljava/util/function/Predicate;Ljava/lang/Object;)Z> (0x00000000eb318618) thrown at [C:\re\workspace\8-2-build-windows-amd64-cygwin\jdk8u131\8869\hotspot\src\share\vm\interpreter\lin
Event: 17.062 Thread 0x000000001c7b2800 Exception <a 'java/lang/NoSuchMethodError': java.lang.Object.lambda$or$2(Ljava/util/function/Predicate;Ljava/lang/Object;)Z> (0x00000000eb3484b0) thrown at [C:\re\workspace\8-2-build-windows-amd64-cygwin\jdk8u131\8869\hotspot\src\share\vm\interpreter\link

Events (10 events):
Event: 17.051 loading class org/eclipse/jdt/core/dom/ITypeBinding
Event: 17.051 loading class org/eclipse/jdt/core/dom/ITypeBinding done
Event: 17.051 loading class org/eclipse/jdt/core/dom/IVariableBinding
Event: 17.051 loading class org/eclipse/jdt/core/dom/IVariableBinding done
Event: 17.052 loading class org/eclipse/jdt/core/dom/IVariableBinding
Event: 17.052 loading class org/eclipse/jdt/core/dom/IVariableBinding done
Event: 17.052 loading class org/eclipse/jdt/ls/core/internal/handlers/JdtDomModels$LspVariableBinding
Event: 17.052 loading class org/eclipse/jdt/ls/core/internal/handlers/JdtDomModels$LspVariableBinding done
Event: 17.052 loading class org/eclipse/jdt/ls/core/internal/handlers/JdtDomModels$LspVariableBinding
Event: 17.052 loading class org/eclipse/jdt/ls/core/internal/handlers/JdtDomModels$LspVariableBinding done


Dynamic libraries:
0x00007ff675490000 - 0x00007ff6754c7000 	C:\Program Files\Java\jdk1.8.0_131\bin\java.exe
0x00007ffbc4b60000 - 0x00007ffbc4d4d000 	C:\Windows\SYSTEM32\ntdll.dll
0x00007ffbc34f0000 - 0x00007ffbc35a3000 	C:\Windows\System32\KERNEL32.DLL
0x00007ffbc14f0000 - 0x00007ffbc1783000 	C:\Windows\System32\KERNELBASE.dll
0x00007ffbc4530000 - 0x00007ffbc45d3000 	C:\Windows\System32\ADVAPI32.dll
0x00007ffbc3d80000 - 0x00007ffbc3e1e000 	C:\Windows\System32\msvcrt.dll
0x00007ffbc1d90000 - 0x00007ffbc1e2e000 	C:\Windows\System32\sechost.dll
0x00007ffbc1e90000 - 0x00007ffbc1fb2000 	C:\Windows\System32\RPCRT4.dll
0x00007ffbc4600000 - 0x00007ffbc4797000 	C:\Windows\System32\USER32.dll
0x00007ffbc0c20000 - 0x00007ffbc0c40000 	C:\Windows\System32\win32u.dll
0x00007ffbc3c90000 - 0x00007ffbc3cb9000 	C:\Windows\System32\GDI32.dll
0x00007ffbc1bc0000 - 0x00007ffbc1d59000 	C:\Windows\System32\gdi32full.dll
0x00007ffbc1b20000 - 0x00007ffbc1bc0000 	C:\Windows\System32\msvcp_win.dll
0x00007ffbc1810000 - 0x00007ffbc190a000 	C:\Windows\System32\ucrtbase.dll
0x00007ffbb2a10000 - 0x00007ffbb2c89000 	C:\Windows\WinSxS\amd64_microsoft.windows.common-controls_6595b64144ccf1df_6.0.17763.1098_none_de762ed45346ee8a\COMCTL32.dll
0x00007ffbc47a0000 - 0x00007ffbc4acc000 	C:\Windows\System32\combase.dll
0x00007ffbc1790000 - 0x00007ffbc180e000 	C:\Windows\System32\bcryptPrimitives.dll
0x00007ffbc1fc0000 - 0x00007ffbc1fee000 	C:\Windows\System32\IMM32.DLL
0x000000006f240000 - 0x000000006f312000 	C:\Program Files\Java\jdk1.8.0_131\jre\bin\msvcr100.dll
0x000000006e9a0000 - 0x000000006f23c000 	C:\Program Files\Java\jdk1.8.0_131\jre\bin\server\jvm.dll
0x00007ffbc1d80000 - 0x00007ffbc1d88000 	C:\Windows\System32\PSAPI.DLL
0x00007ffbba780000 - 0x00007ffbba78a000 	C:\Windows\SYSTEM32\VERSION.dll
0x00007ffbbe9d0000 - 0x00007ffbbe9f4000 	C:\Windows\SYSTEM32\WINMM.dll
0x00007ffbbf6d0000 - 0x00007ffbbf6d9000 	C:\Windows\SYSTEM32\WSOCK32.dll
0x00007ffbbe9a0000 - 0x00007ffbbe9cd000 	C:\Windows\SYSTEM32\winmmbase.dll
0x00007ffbc14a0000 - 0x00007ffbc14ea000 	C:\Windows\System32\cfgmgr32.dll
0x00007ffbc3840000 - 0x00007ffbc38ad000 	C:\Windows\System32\WS2_32.dll
0x000000006e990000 - 0x000000006e99f000 	C:\Program Files\Java\jdk1.8.0_131\jre\bin\verify.dll
0x000000006e960000 - 0x000000006e989000 	C:\Program Files\Java\jdk1.8.0_131\jre\bin\java.dll
0x000000006e940000 - 0x000000006e956000 	C:\Program Files\Java\jdk1.8.0_131\jre\bin\zip.dll
0x00007ffbc1ff0000 - 0x00007ffbc34e4000 	C:\Windows\System32\SHELL32.dll
0x00007ffbc3cd0000 - 0x00007ffbc3d78000 	C:\Windows\System32\shcore.dll
0x00007ffbc0d50000 - 0x00007ffbc149d000 	C:\Windows\System32\windows.storage.dll
0x00007ffbc0bf0000 - 0x00007ffbc0c14000 	C:\Windows\System32\profapi.dll
0x00007ffbc0b50000 - 0x00007ffbc0bad000 	C:\Windows\System32\powrprof.dll
0x00007ffbc38b0000 - 0x00007ffbc3902000 	C:\Windows\System32\shlwapi.dll
0x00007ffbc0bd0000 - 0x00007ffbc0be1000 	C:\Windows\System32\kernel.appcore.dll
0x00007ffbc1d60000 - 0x00007ffbc1d77000 	C:\Windows\System32\cryptsp.dll
0x000000006e920000 - 0x000000006e93a000 	C:\Program Files\Java\jdk1.8.0_131\jre\bin\net.dll
0x00007ffbc0360000 - 0x00007ffbc03c7000 	C:\Windows\system32\mswsock.dll
0x000000006e900000 - 0x000000006e911000 	C:\Program Files\Java\jdk1.8.0_131\jre\bin\nio.dll
0x00007ffbbfee0000 - 0x00007ffbbff13000 	C:\Windows\system32\rsaenh.dll
0x00007ffbc1af0000 - 0x00007ffbc1b16000 	C:\Windows\System32\bcrypt.dll
0x00007ffbc0a50000 - 0x00007ffbc0a78000 	C:\Windows\SYSTEM32\USERENV.dll
0x00007ffbc0530000 - 0x00007ffbc053c000 	C:\Windows\SYSTEM32\CRYPTBASE.dll
0x00007ffbc0080000 - 0x00007ffbc00bd000 	C:\Windows\SYSTEM32\IPHLPAPI.DLL
0x00007ffbc3830000 - 0x00007ffbc3838000 	C:\Windows\System32\NSI.dll
0x00007ffbb04d0000 - 0x00007ffbb04e6000 	C:\Windows\SYSTEM32\dhcpcsvc6.DLL
0x00007ffbb04b0000 - 0x00007ffbb04cc000 	C:\Windows\SYSTEM32\dhcpcsvc.DLL
0x00007ffbc00c0000 - 0x00007ffbc0186000 	C:\Windows\SYSTEM32\DNSAPI.dll
0x00007ffb6d8f0000 - 0x00007ffb6d919000 	C:\Users\Diki Kawasaki\AppData\Roaming\Code\User\globalStorage\redhat.java\0.58.0\config_win\org.eclipse.equinox.launcher\org.eclipse.equinox.launcher.win32.win32.x86_64_1.1.1100.v20190907-0426\eclipse_1902.dll
0x00007ffb84860000 - 0x00007ffb84871000 	C:\Users\Diki Kawasaki\AppData\Roaming\Code\User\globalStorage\redhat.java\0.58.0\config_win\org.eclipse.osgi\20\0\.cp\jWinHttp-1.0.0.dll
0x00007ffbc3b30000 - 0x00007ffbc3c85000 	C:\Windows\System32\ole32.dll
0x00007ffbb0870000 - 0x00007ffbb0962000 	C:\Windows\SYSTEM32\WINHTTP.dll

VM Arguments:
jvm_args: -Declipse.application=org.eclipse.jdt.ls.core.id1 -Dosgi.bundles.defaultStartLevel=4 -Declipse.product=org.eclipse.jdt.ls.core.product -Dfile.encoding=utf8 -DwatchParentProcess=false -XX:+UseParallelGC -XX:GCTimeRatio=4 -XX:AdaptiveSizePolicyWeight=90 -Dsun.zip.disableMemoryMapping=true -Xmx1G -Xms100m -Xverify:none 
java_command: c:\Users\Diki Kawasaki\.vscode\extensions\redhat.java-0.58.0\server\plugins\org.eclipse.equinox.launcher_1.5.700.v20200207-2156.jar -configuration c:\Users\Diki Kawasaki\AppData\Roaming\Code\User\globalStorage\redhat.java\0.58.0\config_win -data c:\Users\Diki Kawasaki\AppData\Roaming\Code\User\workspaceStorage\abacf6d60e492f480f55a6e0d5b0e0be\redhat.java\jdt_ws
java_class_path (initial): c:\Users\Diki Kawasaki\.vscode\extensions\redhat.java-0.58.0\server\plugins\org.eclipse.equinox.launcher_1.5.700.v20200207-2156.jar
Launcher Type: SUN_STANDARD

Environment Variables:
JAVA_HOME=C:\Program Files\Java\jdk1.8.0_131
PATH=C:\ProgramData\Oracle\Java\javapath;C:\Windows\system32;C:\Windows;C:\Windows\System32\Wbem;C:\Windows\System32\WindowsPowerShell\v1.0\;C:\Windows\System32\OpenSSH\;c:\Python27\;c:\Python27\Scripts\;C:\Python27\Scripts;C:\xampp\php;C:\ProgramData\ComposerSetup\bin;C:\Program Files\Git\cmd;C:\Program Files\Microsoft SQL Server\Client SDK\ODBC\130\Tools\Binn\;C:\Program Files (x86)\Microsoft SQL Server\140\Tools\Binn\;C:\Program Files\Microsoft SQL Server\140\Tools\Binn\;C:\Program Files\Microsoft SQL Server\140\DTS\Binn\;C:\Program Files (x86)\Microsoft SQL Server\150\DTS\Binn\;C:\Program Files\nodejs\;C:\Program Files\apache-maven-3.6.3\bin;C:\Users\Diki Kawasaki\Anaconda2;C:\Users\Diki Kawasaki\Anaconda2\Library\mingw-w64\bin;C:\Users\Diki Kawasaki\Anaconda2\Library\usr\bin;C:\Users\Diki Kawasaki\Anaconda2\Library\bin;C:\Users\Diki Kawasaki\Anaconda2\Scripts;C:\Users\Diki Kawasaki\AppData\Local\Programs\Python\Python36\Scripts\;C:\Users\Diki Kawasaki\AppData\Local\Programs\Python\Python36\;C:\Users\Diki Kawasaki\AppData\Local\Programs\Python\Python37-32\Scripts\;C:\Users\Diki Kawasaki\AppData\Local\Programs\Python\Python37-32\;C:\Users\Diki Kawasaki\AppData\Local\Microsoft\WindowsApps;C:\Python27;C:\Python27\Scripts\;C:\Python27\Lib\site-packages\;C:\Users\Diki Kawasaki\AppData\Local\Programs\Microsoft VS Code\bin;C:\Users\Diki Kawasaki\AppData\Roaming\Composer\vendor\bin;C:\Users\Diki Kawasaki\AppData\Roaming\npm;C:\Program Files\apache-maven-3.6.3\bin;
USERNAME=Diki Kawasaki
OS=Windows_NT
PROCESSOR_IDENTIFIER=Intel64 Family 6 Model 69 Stepping 1, GenuineIntel



---------------  S Y S T E M  ---------------

OS: Windows 10.0 , 64 bit Build 17763 (10.0.17763.475)

CPU:total 4 (initial active 4) (2 cores per cpu, 2 threads per core) family 6 model 69 stepping 1, cmov, cx8, fxsr, mmx, sse, sse2, sse3, ssse3, sse4.1, sse4.2, popcnt, avx, avx2, aes, clmul, erms, lzcnt, ht, tsc, tscinvbit, bmi1, bmi2

Memory: 4k page, physical 8269152k(855392k free), swap 22842844k(7208k free)

vm_info: Java HotSpot(TM) 64-Bit Server VM (25.131-b11) for windows-amd64 JRE (1.8.0_131-b11), built on Mar 15 2017 01:23:53 by "java_re" with MS VC++ 10.0 (VS2010)

time: Sat Mar 28 00:07:46 2020
elapsed time: 17 seconds (0d 0h 0m 17s)

