#
# There is insufficient memory for the Java Runtime Environment to continue.
# Native memory allocation (malloc) failed to allocate 32744 bytes for ChunkPool::allocate
# Possible reasons:
#   The system is out of physical RAM or swap space
#   In 32 bit mode, the process size limit was hit
# Possible solutions:
#   Reduce memory load on the system
#   Increase physical memory or swap space
#   Check if swap backing store is full
#   Use 64 bit Java on a 64 bit OS
#   Decrease Java heap size (-Xmx/-Xms)
#   Decrease number of Java threads
#   Decrease Java thread stack sizes (-Xss)
#   Set larger code cache with -XX:ReservedCodeCacheSize=
# This output file may be truncated or incomplete.
#
#  Out of Memory Error (allocation.cpp:273), pid=8440, tid=0x0000000000003298
#
# JRE version: Java(TM) SE Runtime Environment (8.0_131-b11) (build 1.8.0_131-b11)
# Java VM: Java HotSpot(TM) 64-Bit Server VM (25.131-b11 mixed mode windows-amd64 compressed oops)
# Failed to write core dump. Minidumps are not enabled by default on client versions of Windows
#

---------------  T H R E A D  ---------------

Current thread (0x0000000014d50000):  JavaThread "C1 CompilerThread2" daemon [_thread_in_native, id=12952, stack(0x00000000165a0000,0x00000000166a0000)]

Stack: [0x00000000165a0000,0x00000000166a0000]
[error occurred during error reporting (printing stack bounds), id 0xc0000005]

Native frames: (J=compiled Java code, j=interpreted, Vv=VM code, C=native code)


Current CompileTask:
C1:  10816 5590       3       org.apache.maven.model.io.xpp3.MavenXpp3Reader::parseModel (1591 bytes)


---------------  P R O C E S S  ---------------

Java Threads: ( => current thread )
  0x000000001cc6a000 JavaThread "ForkJoinPool.commonPool-worker-3" daemon [_thread_blocked, id=1660, stack(0x000000001ecd0000,0x000000001edd0000)]
  0x000000001cc64800 JavaThread "ForkJoinPool.commonPool-worker-2" daemon [_thread_blocked, id=5432, stack(0x000000001ebd0000,0x000000001ecd0000)]
  0x000000001cc64000 JavaThread "ForkJoinPool.commonPool-worker-1" daemon [_thread_blocked, id=9148, stack(0x000000001ead0000,0x000000001ebd0000)]
  0x000000001cc68800 JavaThread "Worker-4" [_thread_blocked, id=13020, stack(0x000000001e520000,0x000000001e620000)]
  0x000000001cc69000 JavaThread "Bundle File Closer" daemon [_thread_blocked, id=4712, stack(0x000000001de20000,0x000000001df20000)]
  0x0000000016f83000 JavaThread "Worker-3: Building" [_thread_in_Java, id=10264, stack(0x000000001db20000,0x000000001dc20000)]
  0x000000001ae41800 JavaThread "Worker-2" [_thread_blocked, id=7588, stack(0x000000001da20000,0x000000001db20000)]
  0x000000001b364800 JavaThread "pool-1-thread-1" [_thread_in_native, id=2352, stack(0x000000001c750000,0x000000001c850000)]
  0x0000000018295800 JavaThread "Java indexing" daemon [_thread_blocked, id=7136, stack(0x0000000019960000,0x0000000019a60000)]
  0x0000000017514800 JavaThread "Worker-1" [_thread_blocked, id=1892, stack(0x0000000019460000,0x0000000019560000)]
  0x0000000017c43800 JavaThread "Worker-0: Initialize workspace" [_thread_blocked, id=9212, stack(0x0000000019360000,0x0000000019460000)]
  0x000000001803e800 JavaThread "Worker-JM" [_thread_blocked, id=14040, stack(0x0000000018bf0000,0x0000000018cf0000)]
  0x0000000017300000 JavaThread "Start Level: Equinox Container: bc5f4a10-0353-473c-aab2-23edbda4dcd1" daemon [_thread_blocked, id=3172, stack(0x0000000018af0000,0x0000000018bf0000)]
  0x00000000172ff800 JavaThread "Framework Event Dispatcher: Equinox Container: bc5f4a10-0353-473c-aab2-23edbda4dcd1" daemon [_thread_blocked, id=14092, stack(0x00000000189f0000,0x0000000018af0000)]
  0x0000000016f08000 JavaThread "Active Thread: Equinox Container: bc5f4a10-0353-473c-aab2-23edbda4dcd1" [_thread_blocked, id=11840, stack(0x0000000017920000,0x0000000017a20000)]
  0x0000000016715800 JavaThread "Service Thread" daemon [_thread_blocked, id=5564, stack(0x0000000016aa0000,0x0000000016ba0000)]
=>0x0000000014d50000 JavaThread "C1 CompilerThread2" daemon [_thread_in_native, id=12952, stack(0x00000000165a0000,0x00000000166a0000)]
  0x0000000014d4d000 JavaThread "C2 CompilerThread1" daemon [_thread_in_native, id=4848, stack(0x00000000164a0000,0x00000000165a0000)]
  0x0000000014d48800 JavaThread "C2 CompilerThread0" daemon [_thread_in_native, id=4788, stack(0x00000000163a0000,0x00000000164a0000)]
  0x0000000014d46800 JavaThread "Attach Listener" daemon [_thread_blocked, id=1128, stack(0x00000000162a0000,0x00000000163a0000)]
  0x0000000014d97800 JavaThread "Signal Dispatcher" daemon [_thread_blocked, id=13660, stack(0x00000000161a0000,0x00000000162a0000)]
  0x0000000014d2a800 JavaThread "Finalizer" daemon [_thread_blocked, id=7600, stack(0x0000000015fa0000,0x00000000160a0000)]
  0x0000000002662800 JavaThread "Reference Handler" daemon [_thread_blocked, id=12496, stack(0x0000000015ea0000,0x0000000015fa0000)]
  0x0000000002572800 JavaThread "main" [_thread_blocked, id=2916, stack(0x0000000002460000,0x0000000002560000)]

Other Threads:
  0x0000000014d08000 VMThread [stack: 0x0000000015da0000,0x0000000015ea0000] [id=6420]
  0x000000001675f000 WatcherThread [stack: 0x0000000016ba0000,0x0000000016ca0000] [id=9600]

VM state:not at safepoint (normal execution)

VM Mutex/Monitor currently owned by a thread: None

Heap:
 PSYoungGen      total 29184K, used 12008K [0x00000000eab00000, 0x00000000ecc00000, 0x0000000100000000)
  eden space 22016K, 41% used [0x00000000eab00000,0x00000000eb3d2258,0x00000000ec080000)
  from space 7168K, 41% used [0x00000000ec080000,0x00000000ec368000,0x00000000ec780000)
  to   space 4608K, 0% used [0x00000000ec780000,0x00000000ec780000,0x00000000ecc00000)
 ParOldGen       total 68608K, used 36319K [0x00000000c0000000, 0x00000000c4300000, 0x00000000eab00000)
  object space 68608K, 52% used [0x00000000c0000000,0x00000000c2377d90,0x00000000c4300000)
 Metaspace       used 44304K, capacity 46857K, committed 46976K, reserved 1093632K
  class space    used 4712K, capacity 5458K, committed 5504K, reserved 1048576K

Card table byte_map: [0x0000000011a30000,0x0000000011c40000] byte_map_base: 0x0000000011430000

Marking Bits: (ParMarkBitMap*) 0x000000006f1bc720
 Begin Bits: [0x00000000121a0000, 0x00000000131a0000)
 End Bits:   [0x00000000131a0000, 0x00000000141a0000)

Polling page: 0x0000000000ac0000

CodeCache: size=245760Kb used=16853Kb max_used=16853Kb free=228907Kb
 bounds [0x0000000002670000, 0x0000000003700000, 0x0000000011670000]
 total_blobs=5441 nmethods=4891 adapters=462
 compilation: enabled

Compilation events (10 events):
Event: 10.806 Thread 0x0000000014d50000 5586       3       org.eclipse.aether.RepositoryEvent$Builder::build (9 bytes)
Event: 10.807 Thread 0x0000000014d50000 nmethod 5586 0x00000000036e9b50 code [0x00000000036e9cc0, 0x00000000036e9ea8]
Event: 10.807 Thread 0x0000000014d50000 5587       3       org.eclipse.aether.RepositoryEvent::<init> (69 bytes)
Event: 10.807 Thread 0x0000000014d50000 nmethod 5587 0x00000000036e9690 code [0x00000000036e9800, 0x00000000036e9a70]
Event: 10.807 Thread 0x0000000014d50000 5588       3       org.eclipse.aether.internal.impl.DefaultRepositoryEventDispatcher::dispatch (71 bytes)
Event: 10.807 Thread 0x0000000014d50000 nmethod 5588 0x00000000036de350 code [0x00000000036de540, 0x00000000036deda8]
Event: 10.807 Thread 0x0000000014d50000 5589       3       org.eclipse.sisu.wire.EntrySetAdapter::isEmpty (16 bytes)
Event: 10.808 Thread 0x0000000014d50000 nmethod 5589 0x00000000036f4250 code [0x00000000036f4400, 0x00000000036f4998]
Event: 10.808 Thread 0x0000000014d50000 5590       3       org.apache.maven.model.io.xpp3.MavenXpp3Reader::parseModel (1591 bytes)
Event: 10.814 Thread 0x0000000014d4d000 5594   !   4       org.apache.maven.model.Plugin::clone (204 bytes)

GC Heap History (10 events):
Event: 7.727 GC heap before
{Heap before GC invocations=15 (full 2):
 PSYoungGen      total 31744K, used 26432K [0x00000000eab00000, 0x00000000ecc00000, 0x0000000100000000)
  eden space 26112K, 100% used [0x00000000eab00000,0x00000000ec480000,0x00000000ec480000)
  from space 5632K, 5% used [0x00000000ec680000,0x00000000ec6d0000,0x00000000ecc00000)
  to   space 2048K, 0% used [0x00000000ec480000,0x00000000ec480000,0x00000000ec680000)
 ParOldGen       total 68608K, used 25845K [0x00000000c0000000, 0x00000000c4300000, 0x00000000eab00000)
  object space 68608K, 37% used [0x00000000c0000000,0x00000000c193d5a0,0x00000000c4300000)
 Metaspace       used 39865K, capacity 42372K, committed 42496K, reserved 1087488K
  class space    used 4273K, capacity 5030K, committed 5120K, reserved 1048576K
Event: 7.734 GC heap after
Heap after GC invocations=15 (full 2):
 PSYoungGen      total 28160K, used 2039K [0x00000000eab00000, 0x00000000ecc00000, 0x0000000100000000)
  eden space 26112K, 0% used [0x00000000eab00000,0x00000000eab00000,0x00000000ec480000)
  from space 2048K, 99% used [0x00000000ec480000,0x00000000ec67dc10,0x00000000ec680000)
  to   space 3584K, 0% used [0x00000000ec880000,0x00000000ec880000,0x00000000ecc00000)
 ParOldGen       total 68608K, used 26696K [0x00000000c0000000, 0x00000000c4300000, 0x00000000eab00000)
  object space 68608K, 38% used [0x00000000c0000000,0x00000000c1a120c0,0x00000000c4300000)
 Metaspace       used 39865K, capacity 42372K, committed 42496K, reserved 1087488K
  class space    used 4273K, capacity 5030K, committed 5120K, reserved 1048576K
}
Event: 9.448 GC heap before
{Heap before GC invocations=16 (full 2):
 PSYoungGen      total 28160K, used 28151K [0x00000000eab00000, 0x00000000ecc00000, 0x0000000100000000)
  eden space 26112K, 100% used [0x00000000eab00000,0x00000000ec480000,0x00000000ec480000)
  from space 2048K, 99% used [0x00000000ec480000,0x00000000ec67dc10,0x00000000ec680000)
  to   space 3584K, 0% used [0x00000000ec880000,0x00000000ec880000,0x00000000ecc00000)
 ParOldGen       total 68608K, used 26696K [0x00000000c0000000, 0x00000000c4300000, 0x00000000eab00000)
  object space 68608K, 38% used [0x00000000c0000000,0x00000000c1a120c0,0x00000000c4300000)
 Metaspace       used 42602K, capacity 45082K, committed 45312K, reserved 1089536K
  class space    used 4570K, capacity 5348K, committed 5376K, reserved 1048576K
Event: 9.454 GC heap after
Heap after GC invocations=16 (full 2):
 PSYoungGen      total 28160K, used 3567K [0x00000000eab00000, 0x00000000ecf00000, 0x0000000100000000)
  eden space 24576K, 0% used [0x00000000eab00000,0x00000000eab00000,0x00000000ec300000)
  from space 3584K, 99% used [0x00000000ec880000,0x00000000ecbfbe50,0x00000000ecc00000)
  to   space 5632K, 0% used [0x00000000ec300000,0x00000000ec300000,0x00000000ec880000)
 ParOldGen       total 68608K, used 28238K [0x00000000c0000000, 0x00000000c4300000, 0x00000000eab00000)
  object space 68608K, 41% used [0x00000000c0000000,0x00000000c1b938e0,0x00000000c4300000)
 Metaspace       used 42602K, capacity 45082K, committed 45312K, reserved 1089536K
  class space    used 4570K, capacity 5348K, committed 5376K, reserved 1048576K
}
Event: 9.914 GC heap before
{Heap before GC invocations=17 (full 2):
 PSYoungGen      total 28160K, used 28143K [0x00000000eab00000, 0x00000000ecf00000, 0x0000000100000000)
  eden space 24576K, 100% used [0x00000000eab00000,0x00000000ec300000,0x00000000ec300000)
  from space 3584K, 99% used [0x00000000ec880000,0x00000000ecbfbe50,0x00000000ecc00000)
  to   space 5632K, 0% used [0x00000000ec300000,0x00000000ec300000,0x00000000ec880000)
 ParOldGen       total 68608K, used 28238K [0x00000000c0000000, 0x00000000c4300000, 0x00000000eab00000)
  object space 68608K, 41% used [0x00000000c0000000,0x00000000c1b938e0,0x00000000c4300000)
 Metaspace       used 43731K, capacity 46252K, committed 46464K, reserved 1089536K
  class space    used 4685K, capacity 5453K, committed 5504K, reserved 1048576K
Event: 9.921 GC heap after
Heap after GC invocations=17 (full 2):
 PSYoungGen      total 28672K, used 4000K [0x00000000eab00000, 0x00000000ecc00000, 0x0000000100000000)
  eden space 24576K, 0% used [0x00000000eab00000,0x00000000eab00000,0x00000000ec300000)
  from space 4096K, 97% used [0x00000000ec300000,0x00000000ec6e81b8,0x00000000ec700000)
  to   space 4608K, 0% used [0x00000000ec780000,0x00000000ec780000,0x00000000ecc00000)
 ParOldGen       total 68608K, used 29846K [0x00000000c0000000, 0x00000000c4300000, 0x00000000eab00000)
  object space 68608K, 43% used [0x00000000c0000000,0x00000000c1d25950,0x00000000c4300000)
 Metaspace       used 43731K, capacity 46252K, committed 46464K, reserved 1089536K
  class space    used 4685K, capacity 5453K, committed 5504K, reserved 1048576K
}
Event: 10.219 GC heap before
{Heap before GC invocations=18 (full 2):
 PSYoungGen      total 28672K, used 28576K [0x00000000eab00000, 0x00000000ecc00000, 0x0000000100000000)
  eden space 24576K, 100% used [0x00000000eab00000,0x00000000ec300000,0x00000000ec300000)
  from space 4096K, 97% used [0x00000000ec300000,0x00000000ec6e81b8,0x00000000ec700000)
  to   space 4608K, 0% used [0x00000000ec780000,0x00000000ec780000,0x00000000ecc00000)
 ParOldGen       total 68608K, used 29846K [0x00000000c0000000, 0x00000000c4300000, 0x00000000eab00000)
  object space 68608K, 43% used [0x00000000c0000000,0x00000000c1d25950,0x00000000c4300000)
 Metaspace       used 44038K, capacity 46578K, committed 46720K, reserved 1091584K
  class space    used 4708K, capacity 5454K, committed 5504K, reserved 1048576K
Event: 10.230 GC heap after
Heap after GC invocations=18 (full 2):
 PSYoungGen      total 26624K, used 4592K [0x00000000eab00000, 0x00000000ed080000, 0x0000000100000000)
  eden space 22016K, 0% used [0x00000000eab00000,0x00000000eab00000,0x00000000ec080000)
  from space 4608K, 99% used [0x00000000ec780000,0x00000000ecbfc010,0x00000000ecc00000)
  to   space 7168K, 0% used [0x00000000ec080000,0x00000000ec080000,0x00000000ec780000)
 ParOldGen       total 68608K, used 31768K [0x00000000c0000000, 0x00000000c4300000, 0x00000000eab00000)
  object space 68608K, 46% used [0x00000000c0000000,0x00000000c1f06378,0x00000000c4300000)
 Metaspace       used 44038K, capacity 46578K, committed 46720K, reserved 1091584K
  class space    used 4708K, capacity 5454K, committed 5504K, reserved 1048576K
}
Event: 10.550 GC heap before
{Heap before GC invocations=19 (full 2):
 PSYoungGen      total 26624K, used 26608K [0x00000000eab00000, 0x00000000ed080000, 0x0000000100000000)
  eden space 22016K, 100% used [0x00000000eab00000,0x00000000ec080000,0x00000000ec080000)
  from space 4608K, 99% used [0x00000000ec780000,0x00000000ecbfc010,0x00000000ecc00000)
  to   space 7168K, 0% used [0x00000000ec080000,0x00000000ec080000,0x00000000ec780000)
 ParOldGen       total 68608K, used 31768K [0x00000000c0000000, 0x00000000c4300000, 0x00000000eab00000)
  object space 68608K, 46% used [0x00000000c0000000,0x00000000c1f06378,0x00000000c4300000)
 Metaspace       used 44196K, capacity 46729K, committed 46976K, reserved 1093632K
  class space    used 4712K, capacity 5458K, committed 5504K, reserved 1048576K
Event: 10.585 GC heap after
Heap after GC invocations=19 (full 2):
 PSYoungGen      total 29184K, used 2976K [0x00000000eab00000, 0x00000000ecc00000, 0x0000000100000000)
  eden space 22016K, 0% used [0x00000000eab00000,0x00000000eab00000,0x00000000ec080000)
  from space 7168K, 41% used [0x00000000ec080000,0x00000000ec368000,0x00000000ec780000)
  to   space 4608K, 0% used [0x00000000ec780000,0x00000000ec780000,0x00000000ecc00000)
 ParOldGen       total 68608K, used 36319K [0x00000000c0000000, 0x00000000c4300000, 0x00000000eab00000)
  object space 68608K, 52% used [0x00000000c0000000,0x00000000c2377d90,0x00000000c4300000)
 Metaspace       used 44196K, capacity 46729K, committed 46976K, reserved 1093632K
  class space    used 4712K, capacity 5458K, committed 5504K, reserved 1048576K
}

Deoptimization events (10 events):
Event: 10.149 Thread 0x0000000016f83000 Uncommon trap: reason=unstable_if action=reinterpret pc=0x000000000347cf8c method=org.codehaus.plexus.util.xml.pull.MXParser.nextImpl()I @ 972
Event: 10.239 Thread 0x0000000016f83000 Uncommon trap: reason=speculate_class_check action=maybe_recompile pc=0x0000000002c63378 method=java.nio.charset.CharsetDecoder.decode(Ljava/nio/ByteBuffer;Ljava/nio/CharBuffer;Z)Ljava/nio/charset/CoderResult; @ 57
Event: 10.241 Thread 0x0000000016f83000 Uncommon trap: reason=speculate_class_check action=maybe_recompile pc=0x0000000002c63378 method=java.nio.charset.CharsetDecoder.decode(Ljava/nio/ByteBuffer;Ljava/nio/CharBuffer;Z)Ljava/nio/charset/CoderResult; @ 57
Event: 10.244 Thread 0x0000000016f83000 Uncommon trap: reason=speculate_class_check action=maybe_recompile pc=0x0000000002c63378 method=java.nio.charset.CharsetDecoder.decode(Ljava/nio/ByteBuffer;Ljava/nio/CharBuffer;Z)Ljava/nio/charset/CoderResult; @ 57
Event: 10.245 Thread 0x0000000016f83000 Uncommon trap: reason=speculate_class_check action=maybe_recompile pc=0x0000000002c63378 method=java.nio.charset.CharsetDecoder.decode(Ljava/nio/ByteBuffer;Ljava/nio/CharBuffer;Z)Ljava/nio/charset/CoderResult; @ 57
Event: 10.312 Thread 0x0000000016f83000 Uncommon trap: reason=unstable_if action=reinterpret pc=0x00000000035e8014 method=org.codehaus.plexus.util.xml.pull.MXParser.nextImpl()I @ 1161
Event: 10.468 Thread 0x0000000016f83000 Uncommon trap: reason=unstable_if action=reinterpret pc=0x00000000035f4934 method=org.apache.maven.model.interpolation.StringVisitorModelInterpolator$ModelVisitor.visit(Lorg/apache/maven/model/Dependency;)V @ 159
Event: 10.469 Thread 0x0000000016f83000 Uncommon trap: reason=unstable_if action=reinterpret pc=0x000000000357a1fc method=org.apache.maven.model.validation.DefaultModelValidator.validateEffectiveDependency(Lorg/apache/maven/model/building/ModelProblemCollector;Lorg/apache/maven/model/Dependency
Event: 10.470 Thread 0x0000000016f83000 Uncommon trap: reason=unstable_if action=reinterpret pc=0x0000000003652c50 method=org.apache.maven.repository.internal.ArtifactDescriptorReaderDelegate.convert(Lorg/apache/maven/model/Dependency;Lorg/eclipse/aether/artifact/ArtifactTypeRegistry;)Lorg/ecli
Event: 10.470 Thread 0x0000000016f83000 Uncommon trap: reason=unstable_if action=reinterpret pc=0x000000000358d034 method=org.eclipse.aether.artifact.DefaultArtifact.merge(Ljava/util/Map;Ljava/util/Map;)Ljava/util/Map; @ 1

Internal exceptions (10 events):
Event: 9.081 Thread 0x0000000016f83000 Implicit null exception at 0x00000000032c9d88 to 0x00000000032ca799
Event: 9.081 Thread 0x0000000016f83000 Implicit null exception at 0x00000000032935a5 to 0x0000000003293c59
Event: 9.167 Thread 0x0000000016f83000 Exception <a 'sun/nio/fs/WindowsException'> (0x00000000ebd84728) thrown at [C:\re\workspace\8-2-build-windows-amd64-cygwin\jdk8u131\8869\hotspot\src\share\vm\prims\jni.cpp, line 709]
Event: 9.228 Thread 0x000000001b364800 Exception <a 'java/io/FileNotFoundException'> (0x00000000ebf840b8) thrown at [C:\re\workspace\8-2-build-windows-amd64-cygwin\jdk8u131\8869\hotspot\src\share\vm\prims\jni.cpp, line 709]
Event: 9.246 Thread 0x000000001b364800 Exception <a 'java/lang/ArrayIndexOutOfBoundsException'> (0x00000000ec00d468) thrown at [C:\re\workspace\8-2-build-windows-amd64-cygwin\jdk8u131\8869\hotspot\src\share\vm\runtime\sharedRuntime.cpp, line 605]
Event: 9.340 Thread 0x000000001b364800 Exception <a 'java/lang/ArrayIndexOutOfBoundsException'> (0x00000000ec1ccc18) thrown at [C:\re\workspace\8-2-build-windows-amd64-cygwin\jdk8u131\8869\hotspot\src\share\vm\runtime\sharedRuntime.cpp, line 605]
Event: 9.675 Thread 0x0000000016f83000 Implicit null exception at 0x0000000003425c23 to 0x0000000003426049
Event: 10.016 Thread 0x0000000016f83000 Implicit null exception at 0x000000000354a7e3 to 0x000000000354ac09
Event: 10.081 Thread 0x0000000016f83000 Implicit null exception at 0x00000000027eebaf to 0x00000000027eec4d
Event: 10.089 Thread 0x0000000016f83000 Implicit null exception at 0x0000000003569820 to 0x0000000003569a51

Events (10 events):
Event: 10.469 Thread 0x0000000016f83000 DEOPT PACKING pc=0x000000000357a1fc sp=0x000000001dc1c6d0
Event: 10.469 Thread 0x0000000016f83000 DEOPT UNPACKING pc=0x00000000026b582a sp=0x000000001dc1c678 mode 2
Event: 10.470 Thread 0x0000000016f83000 Uncommon trap: trap_request=0xffffff65 fr.pc=0x0000000003652c50
Event: 10.470 Thread 0x0000000016f83000 DEOPT PACKING pc=0x0000000003652c50 sp=0x000000001dc1ca70
Event: 10.470 Thread 0x0000000016f83000 DEOPT UNPACKING pc=0x00000000026b582a sp=0x000000001dc1ca70 mode 2
Event: 10.470 Thread 0x0000000016f83000 Uncommon trap: trap_request=0xffffff65 fr.pc=0x000000000358d034
Event: 10.470 Thread 0x0000000016f83000 DEOPT PACKING pc=0x000000000358d034 sp=0x000000001dc1c9e0
Event: 10.470 Thread 0x0000000016f83000 DEOPT UNPACKING pc=0x00000000026b582a sp=0x000000001dc1c948 mode 2
Event: 10.550 Executing VM operation: ParallelGCFailedAllocation
Event: 10.585 Executing VM operation: ParallelGCFailedAllocation done


Dynamic libraries:
0x00007ff675490000 - 0x00007ff6754c7000 	C:\Program Files\Java\jdk1.8.0_131\bin\java.exe
0x00007ffbc4b60000 - 0x00007ffbc4d4d000 	C:\Windows\SYSTEM32\ntdll.dll
0x00007ffbc34f0000 - 0x00007ffbc35a3000 	C:\Windows\System32\KERNEL32.DLL
0x00007ffbc14f0000 - 0x00007ffbc1783000 	C:\Windows\System32\KERNELBASE.dll
0x00007ffbc4530000 - 0x00007ffbc45d3000 	C:\Windows\System32\ADVAPI32.dll
0x00007ffbc3d80000 - 0x00007ffbc3e1e000 	C:\Windows\System32\msvcrt.dll
0x00007ffbc1d90000 - 0x00007ffbc1e2e000 	C:\Windows\System32\sechost.dll
0x00007ffbc1e90000 - 0x00007ffbc1fb2000 	C:\Windows\System32\RPCRT4.dll
0x00007ffbc4600000 - 0x00007ffbc4797000 	C:\Windows\System32\USER32.dll
0x00007ffbc0c20000 - 0x00007ffbc0c40000 	C:\Windows\System32\win32u.dll
0x00007ffbc3c90000 - 0x00007ffbc3cb9000 	C:\Windows\System32\GDI32.dll
0x00007ffbc1bc0000 - 0x00007ffbc1d59000 	C:\Windows\System32\gdi32full.dll
0x00007ffbc1b20000 - 0x00007ffbc1bc0000 	C:\Windows\System32\msvcp_win.dll
0x00007ffbc1810000 - 0x00007ffbc190a000 	C:\Windows\System32\ucrtbase.dll
0x00007ffbb2a10000 - 0x00007ffbb2c89000 	C:\Windows\WinSxS\amd64_microsoft.windows.common-controls_6595b64144ccf1df_6.0.17763.1098_none_de762ed45346ee8a\COMCTL32.dll
0x00007ffbc47a0000 - 0x00007ffbc4acc000 	C:\Windows\System32\combase.dll
0x00007ffbc1790000 - 0x00007ffbc180e000 	C:\Windows\System32\bcryptPrimitives.dll
0x00007ffbc1fc0000 - 0x00007ffbc1fee000 	C:\Windows\System32\IMM32.DLL
0x000000006f240000 - 0x000000006f312000 	C:\Program Files\Java\jdk1.8.0_131\jre\bin\msvcr100.dll
0x000000006e9a0000 - 0x000000006f23c000 	C:\Program Files\Java\jdk1.8.0_131\jre\bin\server\jvm.dll
0x00007ffbc1d80000 - 0x00007ffbc1d88000 	C:\Windows\System32\PSAPI.DLL
0x00007ffbba780000 - 0x00007ffbba78a000 	C:\Windows\SYSTEM32\VERSION.dll
0x00007ffbbe9d0000 - 0x00007ffbbe9f4000 	C:\Windows\SYSTEM32\WINMM.dll
0x00007ffbbe9a0000 - 0x00007ffbbe9cd000 	C:\Windows\SYSTEM32\winmmbase.dll
0x00007ffbc14a0000 - 0x00007ffbc14ea000 	C:\Windows\System32\cfgmgr32.dll
0x00007ffbbf6d0000 - 0x00007ffbbf6d9000 	C:\Windows\SYSTEM32\WSOCK32.dll
0x00007ffbc3840000 - 0x00007ffbc38ad000 	C:\Windows\System32\WS2_32.dll
0x000000006e990000 - 0x000000006e99f000 	C:\Program Files\Java\jdk1.8.0_131\jre\bin\verify.dll
0x000000006e960000 - 0x000000006e989000 	C:\Program Files\Java\jdk1.8.0_131\jre\bin\java.dll
0x000000006e940000 - 0x000000006e956000 	C:\Program Files\Java\jdk1.8.0_131\jre\bin\zip.dll
0x00007ffbc1ff0000 - 0x00007ffbc34e4000 	C:\Windows\System32\SHELL32.dll
0x00007ffbc3cd0000 - 0x00007ffbc3d78000 	C:\Windows\System32\shcore.dll
0x00007ffbc0d50000 - 0x00007ffbc149d000 	C:\Windows\System32\windows.storage.dll
0x00007ffbc0bf0000 - 0x00007ffbc0c14000 	C:\Windows\System32\profapi.dll
0x00007ffbc0b50000 - 0x00007ffbc0bad000 	C:\Windows\System32\powrprof.dll
0x00007ffbc38b0000 - 0x00007ffbc3902000 	C:\Windows\System32\shlwapi.dll
0x00007ffbc0bd0000 - 0x00007ffbc0be1000 	C:\Windows\System32\kernel.appcore.dll
0x00007ffbc1d60000 - 0x00007ffbc1d77000 	C:\Windows\System32\cryptsp.dll
0x000000006e920000 - 0x000000006e93a000 	C:\Program Files\Java\jdk1.8.0_131\jre\bin\net.dll
0x00007ffbc0360000 - 0x00007ffbc03c7000 	C:\Windows\system32\mswsock.dll
0x000000006e900000 - 0x000000006e911000 	C:\Program Files\Java\jdk1.8.0_131\jre\bin\nio.dll
0x00007ffbbfee0000 - 0x00007ffbbff13000 	C:\Windows\system32\rsaenh.dll
0x00007ffbc1af0000 - 0x00007ffbc1b16000 	C:\Windows\System32\bcrypt.dll
0x00007ffbc0a50000 - 0x00007ffbc0a78000 	C:\Windows\SYSTEM32\USERENV.dll
0x00007ffbc0530000 - 0x00007ffbc053c000 	C:\Windows\SYSTEM32\CRYPTBASE.dll
0x00007ffbc0080000 - 0x00007ffbc00bd000 	C:\Windows\SYSTEM32\IPHLPAPI.DLL
0x00007ffbc3830000 - 0x00007ffbc3838000 	C:\Windows\System32\NSI.dll
0x00007ffbb04d0000 - 0x00007ffbb04e6000 	C:\Windows\SYSTEM32\dhcpcsvc6.DLL
0x00007ffbb04b0000 - 0x00007ffbb04cc000 	C:\Windows\SYSTEM32\dhcpcsvc.DLL
0x00007ffbc00c0000 - 0x00007ffbc0186000 	C:\Windows\SYSTEM32\DNSAPI.dll
0x00007ffb6d8f0000 - 0x00007ffb6d919000 	C:\Users\Diki Kawasaki\AppData\Roaming\Code\User\globalStorage\redhat.java\0.58.0\config_win\org.eclipse.equinox.launcher\org.eclipse.equinox.launcher.win32.win32.x86_64_1.1.1100.v20190907-0426\eclipse_1902.dll
0x00007ffb84860000 - 0x00007ffb84871000 	C:\Users\Diki Kawasaki\AppData\Roaming\Code\User\globalStorage\redhat.java\0.58.0\config_win\org.eclipse.osgi\20\0\.cp\jWinHttp-1.0.0.dll
0x00007ffbc3b30000 - 0x00007ffbc3c85000 	C:\Windows\System32\ole32.dll
0x00007ffbb0870000 - 0x00007ffbb0962000 	C:\Windows\SYSTEM32\WINHTTP.dll

VM Arguments:
jvm_args: -Declipse.application=org.eclipse.jdt.ls.core.id1 -Dosgi.bundles.defaultStartLevel=4 -Declipse.product=org.eclipse.jdt.ls.core.product -Dfile.encoding=utf8 -DwatchParentProcess=false -XX:+UseParallelGC -XX:GCTimeRatio=4 -XX:AdaptiveSizePolicyWeight=90 -Dsun.zip.disableMemoryMapping=true -Xmx1G -Xms100m -Xverify:none 
java_command: c:\Users\Diki Kawasaki\.vscode\extensions\redhat.java-0.58.0\server\plugins\org.eclipse.equinox.launcher_1.5.700.v20200207-2156.jar -configuration c:\Users\Diki Kawasaki\AppData\Roaming\Code\User\globalStorage\redhat.java\0.58.0\config_win -data c:\Users\Diki Kawasaki\AppData\Roaming\Code\User\workspaceStorage\abacf6d60e492f480f55a6e0d5b0e0be\redhat.java\jdt_ws
java_class_path (initial): c:\Users\Diki Kawasaki\.vscode\extensions\redhat.java-0.58.0\server\plugins\org.eclipse.equinox.launcher_1.5.700.v20200207-2156.jar
Launcher Type: SUN_STANDARD

Environment Variables:
JAVA_HOME=C:\Program Files\Java\jdk1.8.0_131
PATH=C:\ProgramData\Oracle\Java\javapath;C:\Windows\system32;C:\Windows;C:\Windows\System32\Wbem;C:\Windows\System32\WindowsPowerShell\v1.0\;C:\Windows\System32\OpenSSH\;c:\Python27\;c:\Python27\Scripts\;C:\Python27\Scripts;C:\xampp\php;C:\ProgramData\ComposerSetup\bin;C:\Program Files\Git\cmd;C:\Program Files\Microsoft SQL Server\Client SDK\ODBC\130\Tools\Binn\;C:\Program Files (x86)\Microsoft SQL Server\140\Tools\Binn\;C:\Program Files\Microsoft SQL Server\140\Tools\Binn\;C:\Program Files\Microsoft SQL Server\140\DTS\Binn\;C:\Program Files (x86)\Microsoft SQL Server\150\DTS\Binn\;C:\Program Files\nodejs\;C:\Program Files\apache-maven-3.6.3\bin;C:\Users\Diki Kawasaki\Anaconda2;C:\Users\Diki Kawasaki\Anaconda2\Library\mingw-w64\bin;C:\Users\Diki Kawasaki\Anaconda2\Library\usr\bin;C:\Users\Diki Kawasaki\Anaconda2\Library\bin;C:\Users\Diki Kawasaki\Anaconda2\Scripts;C:\Users\Diki Kawasaki\AppData\Local\Programs\Python\Python36\Scripts\;C:\Users\Diki Kawasaki\AppData\Local\Programs\Python\Python36\;C:\Users\Diki Kawasaki\AppData\Local\Programs\Python\Python37-32\Scripts\;C:\Users\Diki Kawasaki\AppData\Local\Programs\Python\Python37-32\;C:\Users\Diki Kawasaki\AppData\Local\Microsoft\WindowsApps;C:\Python27;C:\Python27\Scripts\;C:\Python27\Lib\site-packages\;C:\Users\Diki Kawasaki\AppData\Local\Programs\Microsoft VS Code\bin;C:\Users\Diki Kawasaki\AppData\Roaming\Composer\vendor\bin;C:\Users\Diki Kawasaki\AppData\Roaming\npm;C:\Program Files\apache-maven-3.6.3\bin;
USERNAME=Diki Kawasaki
OS=Windows_NT
PROCESSOR_IDENTIFIER=Intel64 Family 6 Model 69 Stepping 1, GenuineIntel



---------------  S Y S T E M  ---------------

OS: Windows 10.0 , 64 bit Build 17763 (10.0.17763.475)

CPU:total 4 (initial active 4) (2 cores per cpu, 2 threads per core) family 6 model 69 stepping 1, cmov, cx8, fxsr, mmx, sse, sse2, sse3, ssse3, sse4.1, sse4.2, popcnt, avx, avx2, aes, clmul, erms, lzcnt, ht, tsc, tscinvbit, bmi1, bmi2

Memory: 4k page, physical 8269152k(948404k free), swap 22842844k(3780k free)

vm_info: Java HotSpot(TM) 64-Bit Server VM (25.131-b11) for windows-amd64 JRE (1.8.0_131-b11), built on Mar 15 2017 01:23:53 by "java_re" with MS VC++ 10.0 (VS2010)

time: Sat Mar 28 00:07:57 2020
elapsed time: 10 seconds (0d 0h 0m 10s)

