#
# There is insufficient memory for the Java Runtime Environment to continue.
# Native memory allocation (malloc) failed to allocate 1293536 bytes for Chunk::new
# Possible reasons:
#   The system is out of physical RAM or swap space
#   In 32 bit mode, the process size limit was hit
# Possible solutions:
#   Reduce memory load on the system
#   Increase physical memory or swap space
#   Check if swap backing store is full
#   Use 64 bit Java on a 64 bit OS
#   Decrease Java heap size (-Xmx/-Xms)
#   Decrease number of Java threads
#   Decrease Java thread stack sizes (-Xss)
#   Set larger code cache with -XX:ReservedCodeCacheSize=
# This output file may be truncated or incomplete.
#
#  Out of Memory Error (allocation.cpp:390), pid=14048, tid=0x00000000000033d4
#
# JRE version: Java(TM) SE Runtime Environment (8.0_131-b11) (build 1.8.0_131-b11)
# Java VM: Java HotSpot(TM) 64-Bit Server VM (25.131-b11 mixed mode windows-amd64 compressed oops)
# Failed to write core dump. Minidumps are not enabled by default on client versions of Windows
#

---------------  T H R E A D  ---------------

Current thread (0x000000001502e800):  JavaThread "C2 CompilerThread1" daemon [_thread_in_native, id=13268, stack(0x0000000016b40000,0x0000000016c40000)]

Stack: [0x0000000016b40000,0x0000000016c40000]
[error occurred during error reporting (printing stack bounds), id 0xc0000005]

Native frames: (J=compiled Java code, j=interpreted, Vv=VM code, C=native code)


Current CompileTask:
C2:4818569 17300   !   4       org.eclipse.jdt.internal.compiler.impl.CompilerOptions::set (5168 bytes)


---------------  P R O C E S S  ---------------

Java Threads: ( => current thread )
  0x000000001be2f000 JavaThread "ForkJoinPool.commonPool-worker-1" daemon [_thread_blocked, id=9680, stack(0x000000002ae60000,0x000000002af60000)]
  0x000000001be2c000 JavaThread "Worker-15" [_thread_blocked, id=204, stack(0x000000002ad60000,0x000000002ae60000)]
  0x000000001be2c800 JavaThread "ForkJoinPool.commonPool-worker-0" daemon [_thread_in_Java, id=14292, stack(0x000000002a860000,0x000000002a960000)]
  0x000000001be30800 JavaThread "Worker-14" [_thread_blocked, id=12296, stack(0x000000002a560000,0x000000002a660000)]
  0x000000001be32000 JavaThread "Worker-13" [_thread_blocked, id=3992, stack(0x0000000029760000,0x0000000029860000)]
  0x000000001ba6d800 JavaThread "Bundle File Closer" daemon [_thread_blocked, id=10628, stack(0x000000001d4c0000,0x000000001d5c0000)]
  0x000000001a35f800 JavaThread "pool-1-thread-1" [_thread_in_native, id=14064, stack(0x000000001cb00000,0x000000001cc00000)]
  0x00000000176c6000 JavaThread "Java indexing" daemon [_thread_blocked, id=10228, stack(0x0000000019a00000,0x0000000019b00000)]
  0x0000000017e75000 JavaThread "Worker-0" [_thread_blocked, id=10512, stack(0x0000000019600000,0x0000000019700000)]
  0x0000000017e28000 JavaThread "Worker-JM" [_thread_blocked, id=13524, stack(0x0000000018e90000,0x0000000018f90000)]
  0x0000000017250000 JavaThread "Start Level: Equinox Container: af507e69-7faf-42ca-9bff-f127564c1b6a" daemon [_thread_blocked, id=14124, stack(0x0000000018d90000,0x0000000018e90000)]
  0x000000001732c000 JavaThread "Framework Event Dispatcher: Equinox Container: af507e69-7faf-42ca-9bff-f127564c1b6a" daemon [_thread_blocked, id=6644, stack(0x0000000018c90000,0x0000000018d90000)]
  0x00000000172c1000 JavaThread "Active Thread: Equinox Container: af507e69-7faf-42ca-9bff-f127564c1b6a" [_thread_blocked, id=13544, stack(0x0000000017bc0000,0x0000000017cc0000)]
  0x000000001679b800 JavaThread "Service Thread" daemon [_thread_blocked, id=14152, stack(0x0000000016d40000,0x0000000016e40000)]
  0x000000001678e800 JavaThread "C1 CompilerThread2" daemon [_thread_in_vm, id=5060, stack(0x0000000016c40000,0x0000000016d40000)]
=>0x000000001502e800 JavaThread "C2 CompilerThread1" daemon [_thread_in_native, id=13268, stack(0x0000000016b40000,0x0000000016c40000)]
  0x0000000014fd9800 JavaThread "C2 CompilerThread0" daemon [_thread_blocked, id=11832, stack(0x0000000016640000,0x0000000016740000)]
  0x0000000014fd8000 JavaThread "Attach Listener" daemon [_thread_blocked, id=14076, stack(0x0000000016540000,0x0000000016640000)]
  0x00000000028fe800 JavaThread "Signal Dispatcher" daemon [_thread_blocked, id=14068, stack(0x0000000016440000,0x0000000016540000)]
  0x00000000028f6800 JavaThread "Finalizer" daemon [_thread_blocked, id=13272, stack(0x0000000016240000,0x0000000016340000)]
  0x00000000028f1800 JavaThread "Reference Handler" daemon [_thread_blocked, id=7532, stack(0x0000000016140000,0x0000000016240000)]
  0x0000000002802800 JavaThread "main" [_thread_blocked, id=13600, stack(0x0000000002600000,0x0000000002700000)]

Other Threads:
  0x0000000014f98800 VMThread [stack: 0x0000000016040000,0x0000000016140000] [id=5072]
  0x00000000167fd000 WatcherThread [stack: 0x0000000016e40000,0x0000000016f40000] [id=10100]

VM state:not at safepoint (normal execution)

VM Mutex/Monitor currently owned by a thread: None

Heap:
 PSYoungGen      total 31744K, used 14703K [0x00000000eab00000, 0x00000000ecc00000, 0x0000000100000000)
  eden space 30208K, 43% used [0x00000000eab00000,0x00000000eb7dc730,0x00000000ec880000)
  from space 1536K, 99% used [0x00000000ec880000,0x00000000ec9ff600,0x00000000eca00000)
  to   space 2048K, 0% used [0x00000000eca00000,0x00000000eca00000,0x00000000ecc00000)
 ParOldGen       total 115200K, used 82844K [0x00000000c0000000, 0x00000000c7080000, 0x00000000eab00000)
  object space 115200K, 71% used [0x00000000c0000000,0x00000000c50e71e0,0x00000000c7080000)
 Metaspace       used 66474K, capacity 69820K, committed 70016K, reserved 1112064K
  class space    used 6469K, capacity 7462K, committed 7552K, reserved 1048576K

Card table byte_map: [0x0000000011cc0000,0x0000000011ed0000] byte_map_base: 0x00000000116c0000

Marking Bits: (ParMarkBitMap*) 0x000000006f1bc720
 Begin Bits: [0x0000000012430000, 0x0000000013430000)
 End Bits:   [0x0000000013430000, 0x0000000014430000)

Polling page: 0x0000000000c50000

CodeCache: size=245760Kb used=52279Kb max_used=52417Kb free=193480Kb
 bounds [0x0000000002900000, 0x0000000005ca0000, 0x0000000011900000]
 total_blobs=13584 nmethods=12948 adapters=542
 compilation: enabled

Compilation events (10 events):
Event: 4817.043 Thread 0x0000000014fd9800 17298       4       org.eclipse.jdt.internal.compiler.ast.SingleNameReference::analyseCode (191 bytes)
Event: 4817.069 Thread 0x0000000014fd9800 nmethod 17298 0x0000000005140cd0 code [0x0000000005140f40, 0x0000000005141da0]
Event: 4817.069 Thread 0x0000000014fd9800 17299       4       org.eclipse.jdt.internal.compiler.ast.SingleNameReference::generateCode (662 bytes)
Event: 4817.098 Thread 0x000000001502e800 nmethod 17297 0x0000000005696e10 code [0x0000000005697220, 0x0000000005698c98]
Event: 4817.119 Thread 0x0000000014fd9800 nmethod 17299 0x0000000005105990 code [0x0000000005105c60, 0x0000000005107ac8]
Event: 4818.475 Thread 0x000000001502e800 17300   !   4       org.eclipse.jdt.internal.compiler.impl.CompilerOptions::set (5168 bytes)
Event: 4818.561 Thread 0x000000001678e800 17301       3       org.eclipse.jdt.ls.core.internal.corrections.SimilarElement::hashCode (13 bytes)
Event: 4818.561 Thread 0x000000001678e800 nmethod 17301 0x0000000004f33cd0 code [0x0000000004f33e40, 0x0000000004f34068]
Event: 4818.564 Thread 0x000000001678e800 17302       3       org.eclipse.jdt.ls.core.internal.corrections.proposals.UnresolvedElementsSubProcessor::createTypeRefChangeProposal (282 bytes)
Event: 4818.565 Thread 0x0000000014fd9800 17307       4       org.eclipse.jdt.core.dom.MethodBinding::isSynthetic (8 bytes)

GC Heap History (10 events):
Event: 4811.178 GC heap before
{Heap before GC invocations=280 (full 11):
 PSYoungGen      total 32256K, used 31901K [0x00000000eab00000, 0x00000000ecd00000, 0x0000000100000000)
  eden space 30208K, 100% used [0x00000000eab00000,0x00000000ec880000,0x00000000ec880000)
  from space 2048K, 82% used [0x00000000ecb00000,0x00000000ecca7600,0x00000000ecd00000)
  to   space 2048K, 0% used [0x00000000ec900000,0x00000000ec900000,0x00000000ecb00000)
 ParOldGen       total 115200K, used 81325K [0x00000000c0000000, 0x00000000c7080000, 0x00000000eab00000)
  object space 115200K, 70% used [0x00000000c0000000,0x00000000c4f6b5e0,0x00000000c7080000)
 Metaspace       used 66458K, capacity 69820K, committed 70016K, reserved 1112064K
  class space    used 6469K, capacity 7462K, committed 7552K, reserved 1048576K
Event: 4811.181 GC heap after
Heap after GC invocations=280 (full 11):
 PSYoungGen      total 32768K, used 1938K [0x00000000eab00000, 0x00000000ecc00000, 0x0000000100000000)
  eden space 30720K, 0% used [0x00000000eab00000,0x00000000eab00000,0x00000000ec900000)
  from space 2048K, 94% used [0x00000000ec900000,0x00000000ecae4800,0x00000000ecb00000)
  to   space 1024K, 0% used [0x00000000ecb00000,0x00000000ecb00000,0x00000000ecc00000)
 ParOldGen       total 115200K, used 81325K [0x00000000c0000000, 0x00000000c7080000, 0x00000000eab00000)
  object space 115200K, 70% used [0x00000000c0000000,0x00000000c4f6b5e0,0x00000000c7080000)
 Metaspace       used 66458K, capacity 69820K, committed 70016K, reserved 1112064K
  class space    used 6469K, capacity 7462K, committed 7552K, reserved 1048576K
}
Event: 4814.638 GC heap before
{Heap before GC invocations=281 (full 11):
 PSYoungGen      total 32768K, used 32658K [0x00000000eab00000, 0x00000000ecc00000, 0x0000000100000000)
  eden space 30720K, 100% used [0x00000000eab00000,0x00000000ec900000,0x00000000ec900000)
  from space 2048K, 94% used [0x00000000ec900000,0x00000000ecae4800,0x00000000ecb00000)
  to   space 1024K, 0% used [0x00000000ecb00000,0x00000000ecb00000,0x00000000ecc00000)
 ParOldGen       total 115200K, used 81325K [0x00000000c0000000, 0x00000000c7080000, 0x00000000eab00000)
  object space 115200K, 70% used [0x00000000c0000000,0x00000000c4f6b5e0,0x00000000c7080000)
 Metaspace       used 66459K, capacity 69820K, committed 70016K, reserved 1112064K
  class space    used 6469K, capacity 7462K, committed 7552K, reserved 1048576K
Event: 4814.641 GC heap after
Heap after GC invocations=281 (full 11):
 PSYoungGen      total 31232K, used 1001K [0x00000000eab00000, 0x00000000ecd80000, 0x0000000100000000)
  eden space 30208K, 0% used [0x00000000eab00000,0x00000000eab00000,0x00000000ec880000)
  from space 1024K, 97% used [0x00000000ecb00000,0x00000000ecbfa400,0x00000000ecc00000)
  to   space 2560K, 0% used [0x00000000ec880000,0x00000000ec880000,0x00000000ecb00000)
 ParOldGen       total 115200K, used 82377K [0x00000000c0000000, 0x00000000c7080000, 0x00000000eab00000)
  object space 115200K, 71% used [0x00000000c0000000,0x00000000c50727e0,0x00000000c7080000)
 Metaspace       used 66459K, capacity 69820K, committed 70016K, reserved 1112064K
  class space    used 6469K, capacity 7462K, committed 7552K, reserved 1048576K
}
Event: 4814.730 GC heap before
{Heap before GC invocations=282 (full 11):
 PSYoungGen      total 31232K, used 31209K [0x00000000eab00000, 0x00000000ecd80000, 0x0000000100000000)
  eden space 30208K, 100% used [0x00000000eab00000,0x00000000ec880000,0x00000000ec880000)
  from space 1024K, 97% used [0x00000000ecb00000,0x00000000ecbfa400,0x00000000ecc00000)
  to   space 2560K, 0% used [0x00000000ec880000,0x00000000ec880000,0x00000000ecb00000)
 ParOldGen       total 115200K, used 82377K [0x00000000c0000000, 0x00000000c7080000, 0x00000000eab00000)
  object space 115200K, 71% used [0x00000000c0000000,0x00000000c50727e0,0x00000000c7080000)
 Metaspace       used 66465K, capacity 69820K, committed 70016K, reserved 1112064K
  class space    used 6469K, capacity 7462K, committed 7552K, reserved 1048576K
Event: 4814.733 GC heap after
Heap after GC invocations=282 (full 11):
 PSYoungGen      total 31744K, used 1481K [0x00000000eab00000, 0x00000000ecc00000, 0x0000000100000000)
  eden space 30208K, 0% used [0x00000000eab00000,0x00000000eab00000,0x00000000ec880000)
  from space 1536K, 96% used [0x00000000ec880000,0x00000000ec9f2400,0x00000000eca00000)
  to   space 2048K, 0% used [0x00000000eca00000,0x00000000eca00000,0x00000000ecc00000)
 ParOldGen       total 115200K, used 82401K [0x00000000c0000000, 0x00000000c7080000, 0x00000000eab00000)
  object space 115200K, 71% used [0x00000000c0000000,0x00000000c50787e0,0x00000000c7080000)
 Metaspace       used 66465K, capacity 69820K, committed 70016K, reserved 1112064K
  class space    used 6469K, capacity 7462K, committed 7552K, reserved 1048576K
}
Event: 4817.024 GC heap before
{Heap before GC invocations=283 (full 11):
 PSYoungGen      total 31744K, used 31689K [0x00000000eab00000, 0x00000000ecc00000, 0x0000000100000000)
  eden space 30208K, 100% used [0x00000000eab00000,0x00000000ec880000,0x00000000ec880000)
  from space 1536K, 96% used [0x00000000ec880000,0x00000000ec9f2400,0x00000000eca00000)
  to   space 2048K, 0% used [0x00000000eca00000,0x00000000eca00000,0x00000000ecc00000)
 ParOldGen       total 115200K, used 82401K [0x00000000c0000000, 0x00000000c7080000, 0x00000000eab00000)
  object space 115200K, 71% used [0x00000000c0000000,0x00000000c50787e0,0x00000000c7080000)
 Metaspace       used 66465K, capacity 69820K, committed 70016K, reserved 1112064K
  class space    used 6469K, capacity 7462K, committed 7552K, reserved 1048576K
Event: 4817.027 GC heap after
Heap after GC invocations=283 (full 11):
 PSYoungGen      total 32256K, used 1449K [0x00000000eab00000, 0x00000000ecc00000, 0x0000000100000000)
  eden space 30208K, 0% used [0x00000000eab00000,0x00000000eab00000,0x00000000ec880000)
  from space 2048K, 70% used [0x00000000eca00000,0x00000000ecb6a400,0x00000000ecc00000)
  to   space 1536K, 0% used [0x00000000ec880000,0x00000000ec880000,0x00000000eca00000)
 ParOldGen       total 115200K, used 82401K [0x00000000c0000000, 0x00000000c7080000, 0x00000000eab00000)
  object space 115200K, 71% used [0x00000000c0000000,0x00000000c50787e0,0x00000000c7080000)
 Metaspace       used 66465K, capacity 69820K, committed 70016K, reserved 1112064K
  class space    used 6469K, capacity 7462K, committed 7552K, reserved 1048576K
}
Event: 4818.534 GC heap before
{Heap before GC invocations=284 (full 11):
 PSYoungGen      total 32256K, used 31657K [0x00000000eab00000, 0x00000000ecc00000, 0x0000000100000000)
  eden space 30208K, 100% used [0x00000000eab00000,0x00000000ec880000,0x00000000ec880000)
  from space 2048K, 70% used [0x00000000eca00000,0x00000000ecb6a400,0x00000000ecc00000)
  to   space 1536K, 0% used [0x00000000ec880000,0x00000000ec880000,0x00000000eca00000)
 ParOldGen       total 115200K, used 82401K [0x00000000c0000000, 0x00000000c7080000, 0x00000000eab00000)
  object space 115200K, 71% used [0x00000000c0000000,0x00000000c50787e0,0x00000000c7080000)
 Metaspace       used 66468K, capacity 69820K, committed 70016K, reserved 1112064K
  class space    used 6469K, capacity 7462K, committed 7552K, reserved 1048576K
Event: 4818.538 GC heap after
Heap after GC invocations=284 (full 11):
 PSYoungGen      total 31744K, used 1533K [0x00000000eab00000, 0x00000000ecc00000, 0x0000000100000000)
  eden space 30208K, 0% used [0x00000000eab00000,0x00000000eab00000,0x00000000ec880000)
  from space 1536K, 99% used [0x00000000ec880000,0x00000000ec9ff600,0x00000000eca00000)
  to   space 2048K, 0% used [0x00000000eca00000,0x00000000eca00000,0x00000000ecc00000)
 ParOldGen       total 115200K, used 82844K [0x00000000c0000000, 0x00000000c7080000, 0x00000000eab00000)
  object space 115200K, 71% used [0x00000000c0000000,0x00000000c50e71e0,0x00000000c7080000)
 Metaspace       used 66468K, capacity 69820K, committed 70016K, reserved 1112064K
  class space    used 6469K, capacity 7462K, committed 7552K, reserved 1048576K
}

Deoptimization events (10 events):
Event: 4795.385 Thread 0x000000001be2c800 Uncommon trap: reason=speculate_class_check action=maybe_recompile pc=0x0000000002c41694 method=org.eclipse.jdt.internal.compiler.lookup.TypeBinding.isRawType()Z @ 1
Event: 4795.411 Thread 0x000000001be2c800 Uncommon trap: reason=unstable_if action=reinterpret pc=0x000000000573bee4 method=org.eclipse.jdt.internal.compiler.lookup.Scope$Substitutor.substitute(Lorg/eclipse/jdt/internal/compiler/lookup/Substitution;Lorg/eclipse/jdt/internal/compiler/lookup/TypeBi
Event: 4795.411 Thread 0x000000001be2c800 Uncommon trap: reason=unstable_if action=reinterpret pc=0x0000000005232764 method=org.eclipse.jdt.internal.compiler.lookup.ParameterizedMethodBinding$1.substitute(Lorg/eclipse/jdt/internal/compiler/lookup/TypeVariableBinding;)Lorg/eclipse/jdt/internal/com
Event: 4795.416 Thread 0x000000001be2c800 Uncommon trap: reason=unstable_if action=reinterpret pc=0x00000000052aac9c method=org.eclipse.text.edits.TextEdit.computeInsertionIndex(Lorg/eclipse/text/edits/TextEdit;)I @ 64
Event: 4798.081 Thread 0x000000001be2c800 Uncommon trap: reason=unstable_if action=reinterpret pc=0x0000000004f8a2bc method=org.eclipse.jdt.internal.compiler.lookup.TypeBinding.equalsEquals(Lorg/eclipse/jdt/internal/compiler/lookup/TypeBinding;Lorg/eclipse/jdt/internal/compiler/lookup/TypeBinding
Event: 4801.610 Thread 0x000000001be2a800 Uncommon trap: reason=class_check action=maybe_recompile pc=0x00000000046b30fc method=org.eclipse.jdt.internal.compiler.lookup.BinaryTypeBinding.scanTypeForContainerAnnotation(Lorg/eclipse/jdt/internal/compiler/env/IBinaryType;[[[C)V @ 124
Event: 4801.620 Thread 0x000000001be2a800 Uncommon trap: reason=unstable_if action=reinterpret pc=0x0000000005c59200 method=org.eclipse.jdt.internal.compiler.lookup.BinaryTypeBinding.createMethod(Lorg/eclipse/jdt/internal/compiler/env/IBinaryMethod;Lorg/eclipse/jdt/internal/compiler/env/IBinaryTy
Event: 4807.256 Thread 0x000000001be2c800 Uncommon trap: reason=bimorphic action=maybe_recompile pc=0x000000000323b0ac method=java.util.Hashtable.putAll(Ljava/util/Map;)V @ 6
Event: 4807.257 Thread 0x000000001be2c800 Uncommon trap: reason=class_check action=maybe_recompile pc=0x00000000037d82f0 method=java.util.Hashtable.putAll(Ljava/util/Map;)V @ 44
Event: 4807.259 Thread 0x000000001be2c800 Uncommon trap: reason=class_check action=maybe_recompile pc=0x00000000037d82f0 method=java.util.Hashtable.putAll(Ljava/util/Map;)V @ 44

Internal exceptions (10 events):
Event: 4793.440 Thread 0x000000001be2c800 Exception <a 'java/lang/ArrayIndexOutOfBoundsException'> (0x00000000eb07bc38) thrown at [C:\re\workspace\8-2-build-windows-amd64-cygwin\jdk8u131\8869\hotspot\src\share\vm\runtime\sharedRuntime.cpp, line 605]
Event: 4795.222 Thread 0x000000001be2c800 Exception <a 'java/lang/ClassNotFoundException': sun/net/www/protocol/jdt/Handler> (0x00000000eb45fd00) thrown at [C:\re\workspace\8-2-build-windows-amd64-cygwin\jdk8u131\8869\hotspot\src\share\vm\classfile\systemDictionary.cpp, line 210]
Event: 4795.222 Thread 0x000000001be2c800 Exception <a 'java/lang/ClassNotFoundException': sun/net/www/protocol/jdt/Handler> (0x00000000eb464ac8) thrown at [C:\re\workspace\8-2-build-windows-amd64-cygwin\jdk8u131\8869\hotspot\src\share\vm\classfile\systemDictionary.cpp, line 210]
Event: 4795.222 Thread 0x000000001be2c800 Exception <a 'java/lang/ClassNotFoundException': sun/net/www/protocol/jdt/Handler> (0x00000000eb469d20) thrown at [C:\re\workspace\8-2-build-windows-amd64-cygwin\jdk8u131\8869\hotspot\src\share\vm\classfile\systemDictionary.cpp, line 210]
Event: 4795.223 Thread 0x000000001be2c800 Exception <a 'java/lang/ClassNotFoundException': sun/net/www/protocol/jdt/Handler> (0x00000000eb46ec10) thrown at [C:\re\workspace\8-2-build-windows-amd64-cygwin\jdk8u131\8869\hotspot\src\share\vm\classfile\systemDictionary.cpp, line 210]
Event: 4795.223 Thread 0x000000001be2c800 Exception <a 'java/lang/ClassNotFoundException': sun/net/www/protocol/jdt/Handler> (0x00000000eb475648) thrown at [C:\re\workspace\8-2-build-windows-amd64-cygwin\jdk8u131\8869\hotspot\src\share\vm\classfile\systemDictionary.cpp, line 210]
Event: 4795.692 Thread 0x000000001be2c800 Exception <a 'java/lang/ClassNotFoundException': sun/net/www/protocol/jdt/Handler> (0x00000000ebd0d418) thrown at [C:\re\workspace\8-2-build-windows-amd64-cygwin\jdk8u131\8869\hotspot\src\share\vm\classfile\systemDictionary.cpp, line 210]
Event: 4799.582 Thread 0x000000001be2c800 Exception <a 'java/lang/ArrayIndexOutOfBoundsException'> (0x00000000eb6017f0) thrown at [C:\re\workspace\8-2-build-windows-amd64-cygwin\jdk8u131\8869\hotspot\src\share\vm\runtime\sharedRuntime.cpp, line 605]
Event: 4799.582 Thread 0x000000001be2c800 Exception <a 'java/lang/ArrayIndexOutOfBoundsException'> (0x00000000eb601a28) thrown at [C:\re\workspace\8-2-build-windows-amd64-cygwin\jdk8u131\8869\hotspot\src\share\vm\runtime\sharedRuntime.cpp, line 605]
Event: 4799.582 Thread 0x000000001be2c800 Exception <a 'java/lang/ArrayIndexOutOfBoundsException'> (0x00000000eb601c60) thrown at [C:\re\workspace\8-2-build-windows-amd64-cygwin\jdk8u131\8869\hotspot\src\share\vm\runtime\sharedRuntime.cpp, line 605]

Events (10 events):
Event: 4814.665 Thread 0x000000001678e800 flushing nmethod 0x0000000004581f90
Event: 4814.665 Thread 0x000000001678e800 flushing nmethod 0x000000000461ca10
Event: 4814.665 Thread 0x000000001678e800 flushing nmethod 0x000000000461efd0
Event: 4814.702 Thread 0x000000001678e800 flushing nmethod 0x0000000005897050
Event: 4814.730 Executing VM operation: ParallelGCFailedAllocation
Event: 4814.733 Executing VM operation: ParallelGCFailedAllocation done
Event: 4817.024 Executing VM operation: ParallelGCFailedAllocation
Event: 4817.027 Executing VM operation: ParallelGCFailedAllocation done
Event: 4818.534 Executing VM operation: ParallelGCFailedAllocation
Event: 4818.538 Executing VM operation: ParallelGCFailedAllocation done


Dynamic libraries:
0x00007ff675490000 - 0x00007ff6754c7000 	C:\Program Files\Java\jdk1.8.0_131\bin\java.exe
0x00007ffbc4b60000 - 0x00007ffbc4d4d000 	C:\Windows\SYSTEM32\ntdll.dll
0x00007ffbc34f0000 - 0x00007ffbc35a3000 	C:\Windows\System32\KERNEL32.DLL
0x00007ffbc14f0000 - 0x00007ffbc1783000 	C:\Windows\System32\KERNELBASE.dll
0x00007ffbc4530000 - 0x00007ffbc45d3000 	C:\Windows\System32\ADVAPI32.dll
0x00007ffbc3d80000 - 0x00007ffbc3e1e000 	C:\Windows\System32\msvcrt.dll
0x00007ffbc1d90000 - 0x00007ffbc1e2e000 	C:\Windows\System32\sechost.dll
0x00007ffbc1e90000 - 0x00007ffbc1fb2000 	C:\Windows\System32\RPCRT4.dll
0x00007ffbc4600000 - 0x00007ffbc4797000 	C:\Windows\System32\USER32.dll
0x00007ffbc0c20000 - 0x00007ffbc0c40000 	C:\Windows\System32\win32u.dll
0x00007ffbc3c90000 - 0x00007ffbc3cb9000 	C:\Windows\System32\GDI32.dll
0x00007ffbc1bc0000 - 0x00007ffbc1d59000 	C:\Windows\System32\gdi32full.dll
0x00007ffbc1b20000 - 0x00007ffbc1bc0000 	C:\Windows\System32\msvcp_win.dll
0x00007ffbc1810000 - 0x00007ffbc190a000 	C:\Windows\System32\ucrtbase.dll
0x00007ffbb2a10000 - 0x00007ffbb2c89000 	C:\Windows\WinSxS\amd64_microsoft.windows.common-controls_6595b64144ccf1df_6.0.17763.1098_none_de762ed45346ee8a\COMCTL32.dll
0x00007ffbc47a0000 - 0x00007ffbc4acc000 	C:\Windows\System32\combase.dll
0x00007ffbc1790000 - 0x00007ffbc180e000 	C:\Windows\System32\bcryptPrimitives.dll
0x00007ffbc1fc0000 - 0x00007ffbc1fee000 	C:\Windows\System32\IMM32.DLL
0x000000006f240000 - 0x000000006f312000 	C:\Program Files\Java\jdk1.8.0_131\jre\bin\msvcr100.dll
0x000000006e9a0000 - 0x000000006f23c000 	C:\Program Files\Java\jdk1.8.0_131\jre\bin\server\jvm.dll
0x00007ffbc1d80000 - 0x00007ffbc1d88000 	C:\Windows\System32\PSAPI.DLL
0x00007ffbbf6d0000 - 0x00007ffbbf6d9000 	C:\Windows\SYSTEM32\WSOCK32.dll
0x00007ffbc3840000 - 0x00007ffbc38ad000 	C:\Windows\System32\WS2_32.dll
0x00007ffbbe9d0000 - 0x00007ffbbe9f4000 	C:\Windows\SYSTEM32\WINMM.dll
0x00007ffbba780000 - 0x00007ffbba78a000 	C:\Windows\SYSTEM32\VERSION.dll
0x00007ffbbe9a0000 - 0x00007ffbbe9cd000 	C:\Windows\SYSTEM32\WINMMBASE.dll
0x00007ffbc14a0000 - 0x00007ffbc14ea000 	C:\Windows\System32\cfgmgr32.dll
0x000000006e990000 - 0x000000006e99f000 	C:\Program Files\Java\jdk1.8.0_131\jre\bin\verify.dll
0x000000006e960000 - 0x000000006e989000 	C:\Program Files\Java\jdk1.8.0_131\jre\bin\java.dll
0x000000006e940000 - 0x000000006e956000 	C:\Program Files\Java\jdk1.8.0_131\jre\bin\zip.dll
0x00007ffbc1ff0000 - 0x00007ffbc34e4000 	C:\Windows\System32\SHELL32.dll
0x00007ffbc3cd0000 - 0x00007ffbc3d78000 	C:\Windows\System32\shcore.dll
0x00007ffbc0d50000 - 0x00007ffbc149d000 	C:\Windows\System32\windows.storage.dll
0x00007ffbc0bf0000 - 0x00007ffbc0c14000 	C:\Windows\System32\profapi.dll
0x00007ffbc0b50000 - 0x00007ffbc0bad000 	C:\Windows\System32\powrprof.dll
0x00007ffbc38b0000 - 0x00007ffbc3902000 	C:\Windows\System32\shlwapi.dll
0x00007ffbc0bd0000 - 0x00007ffbc0be1000 	C:\Windows\System32\kernel.appcore.dll
0x00007ffbc1d60000 - 0x00007ffbc1d77000 	C:\Windows\System32\cryptsp.dll
0x000000006e920000 - 0x000000006e93a000 	C:\Program Files\Java\jdk1.8.0_131\jre\bin\net.dll
0x00007ffbc0360000 - 0x00007ffbc03c7000 	C:\Windows\system32\mswsock.dll
0x000000006e900000 - 0x000000006e911000 	C:\Program Files\Java\jdk1.8.0_131\jre\bin\nio.dll
0x00007ffbbfee0000 - 0x00007ffbbff13000 	C:\Windows\system32\rsaenh.dll
0x00007ffbc1af0000 - 0x00007ffbc1b16000 	C:\Windows\System32\bcrypt.dll
0x00007ffbc0a50000 - 0x00007ffbc0a78000 	C:\Windows\SYSTEM32\USERENV.dll
0x00007ffbc0530000 - 0x00007ffbc053c000 	C:\Windows\SYSTEM32\CRYPTBASE.dll
0x00007ffbc0080000 - 0x00007ffbc00bd000 	C:\Windows\SYSTEM32\IPHLPAPI.DLL
0x00007ffbc3830000 - 0x00007ffbc3838000 	C:\Windows\System32\NSI.dll
0x00007ffbb04d0000 - 0x00007ffbb04e6000 	C:\Windows\SYSTEM32\dhcpcsvc6.DLL
0x00007ffbb04b0000 - 0x00007ffbb04cc000 	C:\Windows\SYSTEM32\dhcpcsvc.DLL
0x00007ffbc00c0000 - 0x00007ffbc0186000 	C:\Windows\SYSTEM32\DNSAPI.dll
0x00007ffb6d8f0000 - 0x00007ffb6d919000 	C:\Users\Diki Kawasaki\AppData\Roaming\Code\User\globalStorage\redhat.java\0.58.0\config_win\org.eclipse.equinox.launcher\org.eclipse.equinox.launcher.win32.win32.x86_64_1.1.1100.v20190907-0426\eclipse_1902.dll
0x00007ffb84860000 - 0x00007ffb84871000 	C:\Users\Diki Kawasaki\AppData\Roaming\Code\User\globalStorage\redhat.java\0.58.0\config_win\org.eclipse.osgi\20\0\.cp\jWinHttp-1.0.0.dll
0x00007ffbc3b30000 - 0x00007ffbc3c85000 	C:\Windows\System32\ole32.dll
0x00007ffbb0870000 - 0x00007ffbb0962000 	C:\Windows\SYSTEM32\WINHTTP.dll
0x000000006e8d0000 - 0x000000006e8f4000 	C:\Program Files\Java\jdk1.8.0_131\jre\bin\sunec.dll
0x000000006e8c0000 - 0x000000006e8cb000 	C:\Program Files\Java\jdk1.8.0_131\jre\bin\sunmscapi.dll
0x00007ffbc1910000 - 0x00007ffbc1aec000 	C:\Windows\System32\CRYPT32.dll
0x00007ffbc0bb0000 - 0x00007ffbc0bc2000 	C:\Windows\System32\MSASN1.dll
0x000000006f9a0000 - 0x000000006f9c6000 	C:\Program Files\Bonjour\mdnsNSP.dll
0x00007ffbaecb0000 - 0x00007ffbaecba000 	C:\Windows\System32\rasadhlp.dll
0x00007ffbb07f0000 - 0x00007ffbb0869000 	C:\Windows\System32\fwpuclnt.dll

VM Arguments:
jvm_args: -Declipse.application=org.eclipse.jdt.ls.core.id1 -Dosgi.bundles.defaultStartLevel=4 -Declipse.product=org.eclipse.jdt.ls.core.product -Dfile.encoding=utf8 -DwatchParentProcess=false -XX:+UseParallelGC -XX:GCTimeRatio=4 -XX:AdaptiveSizePolicyWeight=90 -Dsun.zip.disableMemoryMapping=true -Xmx1G -Xms100m -Xverify:none 
java_command: c:\Users\Diki Kawasaki\.vscode\extensions\redhat.java-0.58.0\server\plugins\org.eclipse.equinox.launcher_1.5.700.v20200207-2156.jar -configuration c:\Users\Diki Kawasaki\AppData\Roaming\Code\User\globalStorage\redhat.java\0.58.0\config_win -data c:\Users\Diki Kawasaki\AppData\Roaming\Code\User\workspaceStorage\abacf6d60e492f480f55a6e0d5b0e0be\redhat.java\jdt_ws
java_class_path (initial): c:\Users\Diki Kawasaki\.vscode\extensions\redhat.java-0.58.0\server\plugins\org.eclipse.equinox.launcher_1.5.700.v20200207-2156.jar
Launcher Type: SUN_STANDARD

Environment Variables:
JAVA_HOME=C:\Program Files\Java\jdk1.8.0_131
PATH=C:\ProgramData\Oracle\Java\javapath;C:\Windows\system32;C:\Windows;C:\Windows\System32\Wbem;C:\Windows\System32\WindowsPowerShell\v1.0\;C:\Windows\System32\OpenSSH\;c:\Python27\;c:\Python27\Scripts\;C:\Python27\Scripts;C:\xampp\php;C:\ProgramData\ComposerSetup\bin;C:\Program Files\Git\cmd;C:\Program Files\Microsoft SQL Server\Client SDK\ODBC\130\Tools\Binn\;C:\Program Files (x86)\Microsoft SQL Server\140\Tools\Binn\;C:\Program Files\Microsoft SQL Server\140\Tools\Binn\;C:\Program Files\Microsoft SQL Server\140\DTS\Binn\;C:\Program Files (x86)\Microsoft SQL Server\150\DTS\Binn\;C:\Program Files\nodejs\;C:\Program Files\apache-maven-3.6.3\bin;C:\Users\Diki Kawasaki\Anaconda2;C:\Users\Diki Kawasaki\Anaconda2\Library\mingw-w64\bin;C:\Users\Diki Kawasaki\Anaconda2\Library\usr\bin;C:\Users\Diki Kawasaki\Anaconda2\Library\bin;C:\Users\Diki Kawasaki\Anaconda2\Scripts;C:\Users\Diki Kawasaki\AppData\Local\Programs\Python\Python36\Scripts\;C:\Users\Diki Kawasaki\AppData\Local\Programs\Python\Python36\;C:\Users\Diki Kawasaki\AppData\Local\Programs\Python\Python37-32\Scripts\;C:\Users\Diki Kawasaki\AppData\Local\Programs\Python\Python37-32\;C:\Users\Diki Kawasaki\AppData\Local\Microsoft\WindowsApps;C:\Python27;C:\Python27\Scripts\;C:\Python27\Lib\site-packages\;C:\Users\Diki Kawasaki\AppData\Local\Programs\Microsoft VS Code\bin;C:\Users\Diki Kawasaki\AppData\Roaming\Composer\vendor\bin;C:\Users\Diki Kawasaki\AppData\Roaming\npm;C:\Program Files\apache-maven-3.6.3\bin;
USERNAME=Diki Kawasaki
OS=Windows_NT
PROCESSOR_IDENTIFIER=Intel64 Family 6 Model 69 Stepping 1, GenuineIntel



---------------  S Y S T E M  ---------------

OS: Windows 10.0 , 64 bit Build 17763 (10.0.17763.475)

CPU:total 4 (initial active 4) (2 cores per cpu, 2 threads per core) family 6 model 69 stepping 1, cmov, cx8, fxsr, mmx, sse, sse2, sse3, ssse3, sse4.1, sse4.2, popcnt, avx, avx2, aes, clmul, erms, lzcnt, ht, tsc, tscinvbit, bmi1, bmi2

Memory: 4k page, physical 8269152k(876984k free), swap 22842844k(5888k free)

vm_info: Java HotSpot(TM) 64-Bit Server VM (25.131-b11) for windows-amd64 JRE (1.8.0_131-b11), built on Mar 15 2017 01:23:53 by "java_re" with MS VC++ 10.0 (VS2010)

time: Sat Mar 28 00:07:29 2020
elapsed time: 4818 seconds (0d 1h 20m 18s)

